<?xml version="1.0" encoding="UTF-8"?>
<testng-results ignored="0" total="2" passed="2" failed="0" skipped="0">
  <reporter-output>
    <line>
      <![CDATA[before suite executed]]>
    </line>
    <line>
      <![CDATA[before test executed]]>
    </line>
    <line>
      <![CDATA[before class executed]]>
    </line>
    <line>
      <![CDATA[before method executed]]>
    </line>
    <line>
      <![CDATA[test case 1 executed]]>
    </line>
    <line>
      <![CDATA[after method executed]]>
    </line>
    <line>
      <![CDATA[before method executed]]>
    </line>
    <line>
      <![CDATA[test case 2 executed]]>
    </line>
    <line>
      <![CDATA[after method executed]]>
    </line>
    <line>
      <![CDATA[after class executed]]>
    </line>
    <line>
      <![CDATA[after test executed]]>
    </line>
    <line>
      <![CDATA[after suite executed]]>
    </line>
  </reporter-output>
  <suite started-at="2022-11-13T10:52:17 IST" name="Default suite" finished-at="2022-11-13T10:52:17 IST" duration-ms="72">
    <groups>
    </groups>
    <test started-at="2022-11-13T10:52:17 IST" name="Default test" finished-at="2022-11-13T10:52:17 IST" duration-ms="72">
      <class name="testngAnnotations.testNGAnnotationsSeq">
        <test-method is-config="true" signature="beforeSuite()[pri:0, instance:testngAnnotations.testNGAnnotationsSeq@3c73951]" started-at="2022-11-13T10:52:17 IST" name="beforeSuite" finished-at="2022-11-13T10:52:17 IST" duration-ms="7" status="PASS">
          <reporter-output>
            <line>
              <![CDATA[before suite executed]]>
            </line>
          </reporter-output>
        </test-method> <!-- beforeSuite -->
        <test-method is-config="true" signature="beforeTest()[pri:0, instance:testngAnnotations.testNGAnnotationsSeq@3c73951]" started-at="2022-11-13T10:52:17 IST" name="beforeTest" finished-at="2022-11-13T10:52:17 IST" duration-ms="0" status="PASS">
          <reporter-output>
            <line>
              <![CDATA[before test executed]]>
            </line>
          </reporter-output>
        </test-method> <!-- beforeTest -->
        <test-method is-config="true" signature="beforeClass()[pri:0, instance:testngAnnotations.testNGAnnotationsSeq@3c73951]" started-at="2022-11-13T10:52:17 IST" name="beforeClass" finished-at="2022-11-13T10:52:17 IST" duration-ms="0" status="PASS">
          <reporter-output>
            <line>
              <![CDATA[before class executed]]>
            </line>
          </reporter-output>
        </test-method> <!-- beforeClass -->
        <test-method is-config="true" signature="beforeMethod()[pri:0, instance:testngAnnotations.testNGAnnotationsSeq@3c73951]" started-at="2022-11-13T10:52:17 IST" name="beforeMethod" finished-at="2022-11-13T10:52:17 IST" duration-ms="2" status="PASS">
          <reporter-output>
            <line>
              <![CDATA[before method executed]]>
            </line>
          </reporter-output>
        </test-method> <!-- beforeMethod -->
        <test-method signature="testCase1()[pri:0, instance:testngAnnotations.testNGAnnotationsSeq@3c73951]" started-at="2022-11-13T10:52:17 IST" name="testCase1" finished-at="2022-11-13T10:52:17 IST" duration-ms="8" status="PASS">
          <reporter-output>
            <line>
              <![CDATA[test case 1 executed]]>
            </line>
          </reporter-output>
        </test-method> <!-- testCase1 -->
        <test-method is-config="true" signature="afterMethod()[pri:0, instance:testngAnnotations.testNGAnnotationsSeq@3c73951]" started-at="2022-11-13T10:52:17 IST" name="afterMethod" finished-at="2022-11-13T10:52:17 IST" duration-ms="1" status="PASS">
          <reporter-output>
            <line>
              <![CDATA[after method executed]]>
            </line>
          </reporter-output>
        </test-method> <!-- afterMethod -->
        <test-method signature="testCase2()[pri:0, instance:testngAnnotations.testNGAnnotationsSeq@3c73951]" started-at="2022-11-13T10:52:17 IST" name="testCase2" finished-at="2022-11-13T10:52:17 IST" duration-ms="5" status="PASS">
          <reporter-output>
            <line>
              <![CDATA[test case 2 executed]]>
            </line>
          </reporter-output>
        </test-method> <!-- testCase2 -->
        <test-method is-config="true" signature="beforeMethod()[pri:0, instance:testngAnnotations.testNGAnnotationsSeq@3c73951]" started-at="2022-11-13T10:52:17 IST" name="beforeMethod" finished-at="2022-11-13T10:52:17 IST" duration-ms="0" status="PASS">
          <reporter-output>
            <line>
              <![CDATA[before method executed]]>
            </line>
          </reporter-output>
        </test-method> <!-- beforeMethod -->
        <test-method is-config="true" signature="afterMethod()[pri:0, instance:testngAnnotations.testNGAnnotationsSeq@3c73951]" started-at="2022-11-13T10:52:17 IST" name="afterMethod" finished-at="2022-11-13T10:52:17 IST" duration-ms="1" status="PASS">
          <reporter-output>
            <line>
              <![CDATA[after method executed]]>
            </line>
          </reporter-output>
        </test-method> <!-- afterMethod -->
        <test-method is-config="true" signature="afterClass()[pri:0, instance:testngAnnotations.testNGAnnotationsSeq@3c73951]" started-at="2022-11-13T10:52:17 IST" name="afterClass" finished-at="2022-11-13T10:52:17 IST" duration-ms="1" status="PASS">
          <reporter-output>
            <line>
              <![CDATA[after class executed]]>
            </line>
          </reporter-output>
        </test-method> <!-- afterClass -->
        <test-method is-config="true" signature="afterTest()[pri:0, instance:testngAnnotations.testNGAnnotationsSeq@3c73951]" started-at="2022-11-13T10:52:17 IST" name="afterTest" finished-at="2022-11-13T10:52:17 IST" duration-ms="1" status="PASS">
          <reporter-output>
            <line>
              <![CDATA[after test executed]]>
            </line>
          </reporter-output>
        </test-method> <!-- afterTest -->
        <test-method is-config="true" signature="afterSuite()[pri:0, instance:testngAnnotations.testNGAnnotationsSeq@3c73951]" started-at="2022-11-13T10:52:17 IST" name="afterSuite" finished-at="2022-11-13T10:52:17 IST" duration-ms="1" status="PASS">
          <reporter-output>
            <line>
              <![CDATA[after suite executed]]>
            </line>
          </reporter-output>
        </test-method> <!-- afterSuite -->
      </class> <!-- testngAnnotations.testNGAnnotationsSeq -->
    </test> <!-- Default test -->
  </suite> <!-- Default suite -->
</testng-results>
