<?xml version="1.0" encoding="UTF-8"?>
<!-- Generated by org.testng.reporters.JUnitReportReporter -->
<testsuite hostname="DESKTOP-R6157P8" failures="0" tests="1000" name="testngflags.Flag5" time="1.221" errors="0" timestamp="2022-11-12T15:18:40 IST" skipped="0">
  <testcase classname="testngflags.Flag5" name="verifyloginButtonEnableDisableStatus" time="0.000"/>
  <system-out>
    <![CDATA[disabled !!]]>
  </system-out>
  <testcase classname="testngflags.Flag5" name="verifyloginButtonEnableDisableStatus" time="0.001"/>
  <system-out>
    <![CDATA[disabled !!]]>
  </system-out>
  <testcase classname="testngflags.Flag5" name="verifyloginButtonEnableDisableStatus" time="0.003"/>
  <system-out>
    <![CDATA[disabled !!]]>
  </system-out>
  <testcase classname="testngflags.Flag5" name="verifyloginButtonEnableDisableStatus" time="0.000"/>
  <system-out>
    <![CDATA[disabled !!]]>
  </system-out>
  <testcase classname="testngflags.Flag5" name="verifyloginButtonEnableDisableStatus" time="0.000"/>
  <system-out>
    <![CDATA[disabled !!]]>
  </system-out>
  <testcase classname="testngflags.Flag5" name="verifyloginButtonEnableDisableStatus" time="0.000"/>
  <system-out>
    <![CDATA[disabled !!]]>
  </system-out>
  <testcase classname="testngflags.Flag5" name="verifyloginButtonEnableDisableStatus" time="0.000"/>
  <system-out>
    <![CDATA[disabled !!]]>
  </system-out>
  <testcase classname="testngflags.Flag5" name="verifyloginButtonEnableDisableStatus" time="0.000"/>
  <system-out>
    <![CDATA[disabled !!]]>
  </system-out>
  <testcase classname="testngflags.Flag5" name="verifyloginButtonEnableDisableStatus" time="0.000"/>
  <system-out>
    <![CDATA[disabled !!]]>
  </system-out>
  <testcase classname="testngflags.Flag5" name="verifyloginButtonEnableDisableStatus" time="0.000"/>
  <system-out>
    <![CDATA[disabled !!]]>
  </system-out>
  <testcase classname="testngflags.Flag5" name="verifyloginButtonEnableDisableStatus" time="0.001"/>
  <system-out>
    <![CDATA[disabled !!]]>
  </system-out>
  <testcase classname="testngflags.Flag5" name="verifyloginButtonEnableDisableStatus" time="0.000"/>
  <system-out>
    <![CDATA[disabled !!]]>
  </system-out>
  <testcase classname="testngflags.Flag5" name="verifyloginButtonEnableDisableStatus" time="0.001"/>
  <system-out>
    <![CDATA[disabled !!]]>
  </system-out>
  <testcase classname="testngflags.Flag5" name="verifyloginButtonEnableDisableStatus" time="0.001"/>
  <system-out>
    <![CDATA[disabled !!]]>
  </system-out>
  <testcase classname="testngflags.Flag5" name="verifyloginButtonEnableDisableStatus" time="0.001"/>
  <system-out>
    <![CDATA[disabled !!]]>
  </system-out>
  <testcase classname="testngflags.Flag5" name="verifyloginButtonEnableDisableStatus" time="0.001"/>
  <system-out>
    <![CDATA[disabled !!]]>
  </system-out>
  <testcase classname="testngflags.Flag5" name="verifyloginButtonEnableDisableStatus" time="0.000"/>
  <system-out>
    <![CDATA[disabled !!]]>
  </system-out>
  <testcase classname="testngflags.Flag5" name="verifyloginButtonEnableDisableStatus" time="0.000"/>
  <system-out>
    <![CDATA[disabled !!]]>
  </system-out>
  <testcase classname="testngflags.Flag5" name="verifyloginButtonEnableDisableStatus" time="0.001"/>
  <system-out>
    <![CDATA[disabled !!]]>
  </system-out>
  <testcase classname="testngflags.Flag5" name="verifyloginButtonEnableDisableStatus" time="0.000"/>
  <system-out>
    <![CDATA[disabled !!]]>
  </system-out>
  <testcase classname="testngflags.Flag5" name="verifyloginButtonEnableDisableStatus" time="0.002"/>
  <system-out>
    <![CDATA[disabled !!]]>
  </system-out>
  <testcase classname="testngflags.Flag5" name="verifyloginButtonEnableDisableStatus" time="0.000"/>
  <system-out>
    <![CDATA[disabled !!]]>
  </system-out>
  <testcase classname="testngflags.Flag5" name="verifyloginButtonEnableDisableStatus" time="0.000"/>
  <system-out>
    <![CDATA[disabled !!]]>
  </system-out>
  <testcase classname="testngflags.Flag5" name="verifyloginButtonEnableDisableStatus" time="0.000"/>
  <system-out>
    <![CDATA[disabled !!]]>
  </system-out>
  <testcase classname="testngflags.Flag5" name="verifyloginButtonEnableDisableStatus" time="0.000"/>
  <system-out>
    <![CDATA[disabled !!]]>
  </system-out>
  <testcase classname="testngflags.Flag5" name="verifyloginButtonEnableDisableStatus" time="0.000"/>
  <system-out>
    <![CDATA[disabled !!]]>
  </system-out>
  <testcase classname="testngflags.Flag5" name="verifyloginButtonEnableDisableStatus" time="0.001"/>
  <system-out>
    <![CDATA[disabled !!]]>
  </system-out>
  <testcase classname="testngflags.Flag5" name="verifyloginButtonEnableDisableStatus" time="0.001"/>
  <system-out>
    <![CDATA[disabled !!]]>
  </system-out>
  <testcase classname="testngflags.Flag5" name="verifyloginButtonEnableDisableStatus" time="0.000"/>
  <system-out>
    <![CDATA[disabled !!]]>
  </system-out>
  <testcase classname="testngflags.Flag5" name="verifyloginButtonEnableDisableStatus" time="0.005"/>
  <system-out>
    <![CDATA[disabled !!]]>
  </system-out>
  <testcase classname="testngflags.Flag5" name="verifyloginButtonEnableDisableStatus" time="0.000"/>
  <system-out>
    <![CDATA[disabled !!]]>
  </system-out>
  <testcase classname="testngflags.Flag5" name="verifyloginButtonEnableDisableStatus" time="0.001"/>
  <system-out>
    <![CDATA[disabled !!]]>
  </system-out>
  <testcase classname="testngflags.Flag5" name="verifyloginButtonEnableDisableStatus" time="0.000"/>
  <system-out>
    <![CDATA[disabled !!]]>
  </system-out>
  <testcase classname="testngflags.Flag5" name="verifyloginButtonEnableDisableStatus" time="0.001"/>
  <system-out>
    <![CDATA[disabled !!]]>
  </system-out>
  <testcase classname="testngflags.Flag5" name="verifyloginButtonEnableDisableStatus" time="0.000"/>
  <system-out>
    <![CDATA[disabled !!]]>
  </system-out>
  <testcase classname="testngflags.Flag5" name="verifyloginButtonEnableDisableStatus" time="0.001"/>
  <system-out>
    <![CDATA[disabled !!]]>
  </system-out>
  <testcase classname="testngflags.Flag5" name="verifyloginButtonEnableDisableStatus" time="0.000"/>
  <system-out>
    <![CDATA[disabled !!]]>
  </system-out>
  <testcase classname="testngflags.Flag5" name="verifyloginButtonEnableDisableStatus" time="0.000"/>
  <system-out>
    <![CDATA[disabled !!]]>
  </system-out>
  <testcase classname="testngflags.Flag5" name="verifyloginButtonEnableDisableStatus" time="0.000"/>
  <system-out>
    <![CDATA[disabled !!]]>
  </system-out>
  <testcase classname="testngflags.Flag5" name="verifyloginButtonEnableDisableStatus" time="0.000"/>
  <system-out>
    <![CDATA[disabled !!]]>
  </system-out>
  <testcase classname="testngflags.Flag5" name="verifyloginButtonEnableDisableStatus" time="0.001"/>
  <system-out>
    <![CDATA[disabled !!]]>
  </system-out>
  <testcase classname="testngflags.Flag5" name="verifyloginButtonEnableDisableStatus" time="0.000"/>
  <system-out>
    <![CDATA[disabled !!]]>
  </system-out>
  <testcase classname="testngflags.Flag5" name="verifyloginButtonEnableDisableStatus" time="0.000"/>
  <system-out>
    <![CDATA[disabled !!]]>
  </system-out>
  <testcase classname="testngflags.Flag5" name="verifyloginButtonEnableDisableStatus" time="0.000"/>
  <system-out>
    <![CDATA[disabled !!]]>
  </system-out>
  <testcase classname="testngflags.Flag5" name="verifyloginButtonEnableDisableStatus" time="0.007"/>
  <system-out>
    <![CDATA[disabled !!]]>
  </system-out>
  <testcase classname="testngflags.Flag5" name="verifyloginButtonEnableDisableStatus" time="0.000"/>
  <system-out>
    <![CDATA[disabled !!]]>
  </system-out>
  <testcase classname="testngflags.Flag5" name="verifyloginButtonEnableDisableStatus" time="0.001"/>
  <system-out>
    <![CDATA[disabled !!]]>
  </system-out>
  <testcase classname="testngflags.Flag5" name="verifyloginButtonEnableDisableStatus" time="0.000"/>
  <system-out>
    <![CDATA[disabled !!]]>
  </system-out>
  <testcase classname="testngflags.Flag5" name="verifyloginButtonEnableDisableStatus" time="0.001"/>
  <system-out>
    <![CDATA[disabled !!]]>
  </system-out>
  <testcase classname="testngflags.Flag5" name="verifyloginButtonEnableDisableStatus" time="0.000"/>
  <system-out>
    <![CDATA[disabled !!]]>
  </system-out>
  <testcase classname="testngflags.Flag5" name="verifyloginButtonEnableDisableStatus" time="0.001"/>
  <system-out>
    <![CDATA[disabled !!]]>
  </system-out>
  <testcase classname="testngflags.Flag5" name="verifyloginButtonEnableDisableStatus" time="0.000"/>
  <system-out>
    <![CDATA[disabled !!]]>
  </system-out>
  <testcase classname="testngflags.Flag5" name="verifyloginButtonEnableDisableStatus" time="0.000"/>
  <system-out>
    <![CDATA[disabled !!]]>
  </system-out>
  <testcase classname="testngflags.Flag5" name="verifyloginButtonEnableDisableStatus" time="0.000"/>
  <system-out>
    <![CDATA[disabled !!]]>
  </system-out>
  <testcase classname="testngflags.Flag5" name="verifyloginButtonEnableDisableStatus" time="0.000"/>
  <system-out>
    <![CDATA[disabled !!]]>
  </system-out>
  <testcase classname="testngflags.Flag5" name="verifyloginButtonEnableDisableStatus" time="0.000"/>
  <system-out>
    <![CDATA[disabled !!]]>
  </system-out>
  <testcase classname="testngflags.Flag5" name="verifyloginButtonEnableDisableStatus" time="0.000"/>
  <system-out>
    <![CDATA[disabled !!]]>
  </system-out>
  <testcase classname="testngflags.Flag5" name="verifyloginButtonEnableDisableStatus" time="0.000"/>
  <system-out>
    <![CDATA[disabled !!]]>
  </system-out>
  <testcase classname="testngflags.Flag5" name="verifyloginButtonEnableDisableStatus" time="0.001"/>
  <system-out>
    <![CDATA[disabled !!]]>
  </system-out>
  <testcase classname="testngflags.Flag5" name="verifyloginButtonEnableDisableStatus" time="0.000"/>
  <system-out>
    <![CDATA[disabled !!]]>
  </system-out>
  <testcase classname="testngflags.Flag5" name="verifyloginButtonEnableDisableStatus" time="0.000"/>
  <system-out>
    <![CDATA[disabled !!]]>
  </system-out>
  <testcase classname="testngflags.Flag5" name="verifyloginButtonEnableDisableStatus" time="0.003"/>
  <system-out>
    <![CDATA[disabled !!]]>
  </system-out>
  <testcase classname="testngflags.Flag5" name="verifyloginButtonEnableDisableStatus" time="0.000"/>
  <system-out>
    <![CDATA[disabled !!]]>
  </system-out>
  <testcase classname="testngflags.Flag5" name="verifyloginButtonEnableDisableStatus" time="0.000"/>
  <system-out>
    <![CDATA[disabled !!]]>
  </system-out>
  <testcase classname="testngflags.Flag5" name="verifyloginButtonEnableDisableStatus" time="0.003"/>
  <system-out>
    <![CDATA[disabled !!]]>
  </system-out>
  <testcase classname="testngflags.Flag5" name="verifyloginButtonEnableDisableStatus" time="0.001"/>
  <system-out>
    <![CDATA[disabled !!]]>
  </system-out>
  <testcase classname="testngflags.Flag5" name="verifyloginButtonEnableDisableStatus" time="0.001"/>
  <system-out>
    <![CDATA[disabled !!]]>
  </system-out>
  <testcase classname="testngflags.Flag5" name="verifyloginButtonEnableDisableStatus" time="0.000"/>
  <system-out>
    <![CDATA[disabled !!]]>
  </system-out>
  <testcase classname="testngflags.Flag5" name="verifyloginButtonEnableDisableStatus" time="0.000"/>
  <system-out>
    <![CDATA[disabled !!]]>
  </system-out>
  <testcase classname="testngflags.Flag5" name="verifyloginButtonEnableDisableStatus" time="0.000"/>
  <system-out>
    <![CDATA[disabled !!]]>
  </system-out>
  <testcase classname="testngflags.Flag5" name="verifyloginButtonEnableDisableStatus" time="0.000"/>
  <system-out>
    <![CDATA[disabled !!]]>
  </system-out>
  <testcase classname="testngflags.Flag5" name="verifyloginButtonEnableDisableStatus" time="0.000"/>
  <system-out>
    <![CDATA[disabled !!]]>
  </system-out>
  <testcase classname="testngflags.Flag5" name="verifyloginButtonEnableDisableStatus" time="0.001"/>
  <system-out>
    <![CDATA[disabled !!]]>
  </system-out>
  <testcase classname="testngflags.Flag5" name="verifyloginButtonEnableDisableStatus" time="0.002"/>
  <system-out>
    <![CDATA[disabled !!]]>
  </system-out>
  <testcase classname="testngflags.Flag5" name="verifyloginButtonEnableDisableStatus" time="0.000"/>
  <system-out>
    <![CDATA[disabled !!]]>
  </system-out>
  <testcase classname="testngflags.Flag5" name="verifyloginButtonEnableDisableStatus" time="0.005"/>
  <system-out>
    <![CDATA[disabled !!]]>
  </system-out>
  <testcase classname="testngflags.Flag5" name="verifyloginButtonEnableDisableStatus" time="0.001"/>
  <system-out>
    <![CDATA[disabled !!]]>
  </system-out>
  <testcase classname="testngflags.Flag5" name="verifyloginButtonEnableDisableStatus" time="0.000"/>
  <system-out>
    <![CDATA[disabled !!]]>
  </system-out>
  <testcase classname="testngflags.Flag5" name="verifyloginButtonEnableDisableStatus" time="0.000"/>
  <system-out>
    <![CDATA[disabled !!]]>
  </system-out>
  <testcase classname="testngflags.Flag5" name="verifyloginButtonEnableDisableStatus" time="0.000"/>
  <system-out>
    <![CDATA[disabled !!]]>
  </system-out>
  <testcase classname="testngflags.Flag5" name="verifyloginButtonEnableDisableStatus" time="0.034"/>
  <system-out>
    <![CDATA[disabled !!]]>
  </system-out>
  <testcase classname="testngflags.Flag5" name="verifyloginButtonEnableDisableStatus" time="0.000"/>
  <system-out>
    <![CDATA[disabled !!]]>
  </system-out>
  <testcase classname="testngflags.Flag5" name="verifyloginButtonEnableDisableStatus" time="0.001"/>
  <system-out>
    <![CDATA[disabled !!]]>
  </system-out>
  <testcase classname="testngflags.Flag5" name="verifyloginButtonEnableDisableStatus" time="0.001"/>
  <system-out>
    <![CDATA[disabled !!]]>
  </system-out>
  <testcase classname="testngflags.Flag5" name="verifyloginButtonEnableDisableStatus" time="0.000"/>
  <system-out>
    <![CDATA[disabled !!]]>
  </system-out>
  <testcase classname="testngflags.Flag5" name="verifyloginButtonEnableDisableStatus" time="0.000"/>
  <system-out>
    <![CDATA[disabled !!]]>
  </system-out>
  <testcase classname="testngflags.Flag5" name="verifyloginButtonEnableDisableStatus" time="0.000"/>
  <system-out>
    <![CDATA[disabled !!]]>
  </system-out>
  <testcase classname="testngflags.Flag5" name="verifyloginButtonEnableDisableStatus" time="0.009"/>
  <system-out>
    <![CDATA[disabled !!]]>
  </system-out>
  <testcase classname="testngflags.Flag5" name="verifyloginButtonEnableDisableStatus" time="0.000"/>
  <system-out>
    <![CDATA[disabled !!]]>
  </system-out>
  <testcase classname="testngflags.Flag5" name="verifyloginButtonEnableDisableStatus" time="0.000"/>
  <system-out>
    <![CDATA[disabled !!]]>
  </system-out>
  <testcase classname="testngflags.Flag5" name="verifyloginButtonEnableDisableStatus" time="0.001"/>
  <system-out>
    <![CDATA[disabled !!]]>
  </system-out>
  <testcase classname="testngflags.Flag5" name="verifyloginButtonEnableDisableStatus" time="0.001"/>
  <system-out>
    <![CDATA[disabled !!]]>
  </system-out>
  <testcase classname="testngflags.Flag5" name="verifyloginButtonEnableDisableStatus" time="0.000"/>
  <system-out>
    <![CDATA[disabled !!]]>
  </system-out>
  <testcase classname="testngflags.Flag5" name="verifyloginButtonEnableDisableStatus" time="0.000"/>
  <system-out>
    <![CDATA[disabled !!]]>
  </system-out>
  <testcase classname="testngflags.Flag5" name="verifyloginButtonEnableDisableStatus" time="0.000"/>
  <system-out>
    <![CDATA[disabled !!]]>
  </system-out>
  <testcase classname="testngflags.Flag5" name="verifyloginButtonEnableDisableStatus" time="0.000"/>
  <system-out>
    <![CDATA[disabled !!]]>
  </system-out>
  <testcase classname="testngflags.Flag5" name="verifyloginButtonEnableDisableStatus" time="0.000"/>
  <system-out>
    <![CDATA[disabled !!]]>
  </system-out>
  <testcase classname="testngflags.Flag5" name="verifyloginButtonEnableDisableStatus" time="0.000"/>
  <system-out>
    <![CDATA[disabled !!]]>
  </system-out>
  <testcase classname="testngflags.Flag5" name="verifyloginButtonEnableDisableStatus" time="0.000"/>
  <system-out>
    <![CDATA[disabled !!]]>
  </system-out>
  <testcase classname="testngflags.Flag5" name="verifyloginButtonEnableDisableStatus" time="0.000"/>
  <system-out>
    <![CDATA[disabled !!]]>
  </system-out>
  <testcase classname="testngflags.Flag5" name="verifyloginButtonEnableDisableStatus" time="0.000"/>
  <system-out>
    <![CDATA[disabled !!]]>
  </system-out>
  <testcase classname="testngflags.Flag5" name="verifyloginButtonEnableDisableStatus" time="0.002"/>
  <system-out>
    <![CDATA[disabled !!]]>
  </system-out>
  <testcase classname="testngflags.Flag5" name="verifyloginButtonEnableDisableStatus" time="0.000"/>
  <system-out>
    <![CDATA[disabled !!]]>
  </system-out>
  <testcase classname="testngflags.Flag5" name="verifyloginButtonEnableDisableStatus" time="0.000"/>
  <system-out>
    <![CDATA[disabled !!]]>
  </system-out>
  <testcase classname="testngflags.Flag5" name="verifyloginButtonEnableDisableStatus" time="0.000"/>
  <system-out>
    <![CDATA[disabled !!]]>
  </system-out>
  <testcase classname="testngflags.Flag5" name="verifyloginButtonEnableDisableStatus" time="0.001"/>
  <system-out>
    <![CDATA[disabled !!]]>
  </system-out>
  <testcase classname="testngflags.Flag5" name="verifyloginButtonEnableDisableStatus" time="0.000"/>
  <system-out>
    <![CDATA[disabled !!]]>
  </system-out>
  <testcase classname="testngflags.Flag5" name="verifyloginButtonEnableDisableStatus" time="0.010"/>
  <system-out>
    <![CDATA[disabled !!]]>
  </system-out>
  <testcase classname="testngflags.Flag5" name="verifyloginButtonEnableDisableStatus" time="0.003"/>
  <system-out>
    <![CDATA[disabled !!]]>
  </system-out>
  <testcase classname="testngflags.Flag5" name="verifyloginButtonEnableDisableStatus" time="0.000"/>
  <system-out>
    <![CDATA[disabled !!]]>
  </system-out>
  <testcase classname="testngflags.Flag5" name="verifyloginButtonEnableDisableStatus" time="0.001"/>
  <system-out>
    <![CDATA[disabled !!]]>
  </system-out>
  <testcase classname="testngflags.Flag5" name="verifyloginButtonEnableDisableStatus" time="0.000"/>
  <system-out>
    <![CDATA[disabled !!]]>
  </system-out>
  <testcase classname="testngflags.Flag5" name="verifyloginButtonEnableDisableStatus" time="0.000"/>
  <system-out>
    <![CDATA[disabled !!]]>
  </system-out>
  <testcase classname="testngflags.Flag5" name="verifyloginButtonEnableDisableStatus" time="0.000"/>
  <system-out>
    <![CDATA[disabled !!]]>
  </system-out>
  <testcase classname="testngflags.Flag5" name="verifyloginButtonEnableDisableStatus" time="0.002"/>
  <system-out>
    <![CDATA[disabled !!]]>
  </system-out>
  <testcase classname="testngflags.Flag5" name="verifyloginButtonEnableDisableStatus" time="0.002"/>
  <system-out>
    <![CDATA[disabled !!]]>
  </system-out>
  <testcase classname="testngflags.Flag5" name="verifyloginButtonEnableDisableStatus" time="0.000"/>
  <system-out>
    <![CDATA[disabled !!]]>
  </system-out>
  <testcase classname="testngflags.Flag5" name="verifyloginButtonEnableDisableStatus" time="0.000"/>
  <system-out>
    <![CDATA[disabled !!]]>
  </system-out>
  <testcase classname="testngflags.Flag5" name="verifyloginButtonEnableDisableStatus" time="0.001"/>
  <system-out>
    <![CDATA[disabled !!]]>
  </system-out>
  <testcase classname="testngflags.Flag5" name="verifyloginButtonEnableDisableStatus" time="0.002"/>
  <system-out>
    <![CDATA[disabled !!]]>
  </system-out>
  <testcase classname="testngflags.Flag5" name="verifyloginButtonEnableDisableStatus" time="0.000"/>
  <system-out>
    <![CDATA[disabled !!]]>
  </system-out>
  <testcase classname="testngflags.Flag5" name="verifyloginButtonEnableDisableStatus" time="0.000"/>
  <system-out>
    <![CDATA[disabled !!]]>
  </system-out>
  <testcase classname="testngflags.Flag5" name="verifyloginButtonEnableDisableStatus" time="0.000"/>
  <system-out>
    <![CDATA[disabled !!]]>
  </system-out>
  <testcase classname="testngflags.Flag5" name="verifyloginButtonEnableDisableStatus" time="0.000"/>
  <system-out>
    <![CDATA[disabled !!]]>
  </system-out>
  <testcase classname="testngflags.Flag5" name="verifyloginButtonEnableDisableStatus" time="0.000"/>
  <system-out>
    <![CDATA[disabled !!]]>
  </system-out>
  <testcase classname="testngflags.Flag5" name="verifyloginButtonEnableDisableStatus" time="0.001"/>
  <system-out>
    <![CDATA[disabled !!]]>
  </system-out>
  <testcase classname="testngflags.Flag5" name="verifyloginButtonEnableDisableStatus" time="0.000"/>
  <system-out>
    <![CDATA[disabled !!]]>
  </system-out>
  <testcase classname="testngflags.Flag5" name="verifyloginButtonEnableDisableStatus" time="0.001"/>
  <system-out>
    <![CDATA[disabled !!]]>
  </system-out>
  <testcase classname="testngflags.Flag5" name="verifyloginButtonEnableDisableStatus" time="0.000"/>
  <system-out>
    <![CDATA[disabled !!]]>
  </system-out>
  <testcase classname="testngflags.Flag5" name="verifyloginButtonEnableDisableStatus" time="0.000"/>
  <system-out>
    <![CDATA[disabled !!]]>
  </system-out>
  <testcase classname="testngflags.Flag5" name="verifyloginButtonEnableDisableStatus" time="0.000"/>
  <system-out>
    <![CDATA[disabled !!]]>
  </system-out>
  <testcase classname="testngflags.Flag5" name="verifyloginButtonEnableDisableStatus" time="0.000"/>
  <system-out>
    <![CDATA[disabled !!]]>
  </system-out>
  <testcase classname="testngflags.Flag5" name="verifyloginButtonEnableDisableStatus" time="0.000"/>
  <system-out>
    <![CDATA[disabled !!]]>
  </system-out>
  <testcase classname="testngflags.Flag5" name="verifyloginButtonEnableDisableStatus" time="0.014"/>
  <system-out>
    <![CDATA[disabled !!]]>
  </system-out>
  <testcase classname="testngflags.Flag5" name="verifyloginButtonEnableDisableStatus" time="0.000"/>
  <system-out>
    <![CDATA[disabled !!]]>
  </system-out>
  <testcase classname="testngflags.Flag5" name="verifyloginButtonEnableDisableStatus" time="0.000"/>
  <system-out>
    <![CDATA[disabled !!]]>
  </system-out>
  <testcase classname="testngflags.Flag5" name="verifyloginButtonEnableDisableStatus" time="0.000"/>
  <system-out>
    <![CDATA[disabled !!]]>
  </system-out>
  <testcase classname="testngflags.Flag5" name="verifyloginButtonEnableDisableStatus" time="0.001"/>
  <system-out>
    <![CDATA[disabled !!]]>
  </system-out>
  <testcase classname="testngflags.Flag5" name="verifyloginButtonEnableDisableStatus" time="0.001"/>
  <system-out>
    <![CDATA[disabled !!]]>
  </system-out>
  <testcase classname="testngflags.Flag5" name="verifyloginButtonEnableDisableStatus" time="0.000"/>
  <system-out>
    <![CDATA[disabled !!]]>
  </system-out>
  <testcase classname="testngflags.Flag5" name="verifyloginButtonEnableDisableStatus" time="0.049"/>
  <system-out>
    <![CDATA[disabled !!]]>
  </system-out>
  <testcase classname="testngflags.Flag5" name="verifyloginButtonEnableDisableStatus" time="0.000"/>
  <system-out>
    <![CDATA[disabled !!]]>
  </system-out>
  <testcase classname="testngflags.Flag5" name="verifyloginButtonEnableDisableStatus" time="0.000"/>
  <system-out>
    <![CDATA[disabled !!]]>
  </system-out>
  <testcase classname="testngflags.Flag5" name="verifyloginButtonEnableDisableStatus" time="0.000"/>
  <system-out>
    <![CDATA[disabled !!]]>
  </system-out>
  <testcase classname="testngflags.Flag5" name="verifyloginButtonEnableDisableStatus" time="0.000"/>
  <system-out>
    <![CDATA[disabled !!]]>
  </system-out>
  <testcase classname="testngflags.Flag5" name="verifyloginButtonEnableDisableStatus" time="0.002"/>
  <system-out>
    <![CDATA[disabled !!]]>
  </system-out>
  <testcase classname="testngflags.Flag5" name="verifyloginButtonEnableDisableStatus" time="0.001"/>
  <system-out>
    <![CDATA[disabled !!]]>
  </system-out>
  <testcase classname="testngflags.Flag5" name="verifyloginButtonEnableDisableStatus" time="0.000"/>
  <system-out>
    <![CDATA[disabled !!]]>
  </system-out>
  <testcase classname="testngflags.Flag5" name="verifyloginButtonEnableDisableStatus" time="0.000"/>
  <system-out>
    <![CDATA[disabled !!]]>
  </system-out>
  <testcase classname="testngflags.Flag5" name="verifyloginButtonEnableDisableStatus" time="0.000"/>
  <system-out>
    <![CDATA[disabled !!]]>
  </system-out>
  <testcase classname="testngflags.Flag5" name="verifyloginButtonEnableDisableStatus" time="0.001"/>
  <system-out>
    <![CDATA[disabled !!]]>
  </system-out>
  <testcase classname="testngflags.Flag5" name="verifyloginButtonEnableDisableStatus" time="0.001"/>
  <system-out>
    <![CDATA[disabled !!]]>
  </system-out>
  <testcase classname="testngflags.Flag5" name="verifyloginButtonEnableDisableStatus" time="0.000"/>
  <system-out>
    <![CDATA[disabled !!]]>
  </system-out>
  <testcase classname="testngflags.Flag5" name="verifyloginButtonEnableDisableStatus" time="0.000"/>
  <system-out>
    <![CDATA[disabled !!]]>
  </system-out>
  <testcase classname="testngflags.Flag5" name="verifyloginButtonEnableDisableStatus" time="0.000"/>
  <system-out>
    <![CDATA[disabled !!]]>
  </system-out>
  <testcase classname="testngflags.Flag5" name="verifyloginButtonEnableDisableStatus" time="0.000"/>
  <system-out>
    <![CDATA[disabled !!]]>
  </system-out>
  <testcase classname="testngflags.Flag5" name="verifyloginButtonEnableDisableStatus" time="0.000"/>
  <system-out>
    <![CDATA[disabled !!]]>
  </system-out>
  <testcase classname="testngflags.Flag5" name="verifyloginButtonEnableDisableStatus" time="0.000"/>
  <system-out>
    <![CDATA[disabled !!]]>
  </system-out>
  <testcase classname="testngflags.Flag5" name="verifyloginButtonEnableDisableStatus" time="0.000"/>
  <system-out>
    <![CDATA[disabled !!]]>
  </system-out>
  <testcase classname="testngflags.Flag5" name="verifyloginButtonEnableDisableStatus" time="0.000"/>
  <system-out>
    <![CDATA[disabled !!]]>
  </system-out>
  <testcase classname="testngflags.Flag5" name="verifyloginButtonEnableDisableStatus" time="0.001"/>
  <system-out>
    <![CDATA[disabled !!]]>
  </system-out>
  <testcase classname="testngflags.Flag5" name="verifyloginButtonEnableDisableStatus" time="0.000"/>
  <system-out>
    <![CDATA[disabled !!]]>
  </system-out>
  <testcase classname="testngflags.Flag5" name="verifyloginButtonEnableDisableStatus" time="0.000"/>
  <system-out>
    <![CDATA[disabled !!]]>
  </system-out>
  <testcase classname="testngflags.Flag5" name="verifyloginButtonEnableDisableStatus" time="0.001"/>
  <system-out>
    <![CDATA[disabled !!]]>
  </system-out>
  <testcase classname="testngflags.Flag5" name="verifyloginButtonEnableDisableStatus" time="0.001"/>
  <system-out>
    <![CDATA[disabled !!]]>
  </system-out>
  <testcase classname="testngflags.Flag5" name="verifyloginButtonEnableDisableStatus" time="0.000"/>
  <system-out>
    <![CDATA[disabled !!]]>
  </system-out>
  <testcase classname="testngflags.Flag5" name="verifyloginButtonEnableDisableStatus" time="0.001"/>
  <system-out>
    <![CDATA[disabled !!]]>
  </system-out>
  <testcase classname="testngflags.Flag5" name="verifyloginButtonEnableDisableStatus" time="0.000"/>
  <system-out>
    <![CDATA[disabled !!]]>
  </system-out>
  <testcase classname="testngflags.Flag5" name="verifyloginButtonEnableDisableStatus" time="0.000"/>
  <system-out>
    <![CDATA[disabled !!]]>
  </system-out>
  <testcase classname="testngflags.Flag5" name="verifyloginButtonEnableDisableStatus" time="0.001"/>
  <system-out>
    <![CDATA[disabled !!]]>
  </system-out>
  <testcase classname="testngflags.Flag5" name="verifyloginButtonEnableDisableStatus" time="0.001"/>
  <system-out>
    <![CDATA[disabled !!]]>
  </system-out>
  <testcase classname="testngflags.Flag5" name="verifyloginButtonEnableDisableStatus" time="0.000"/>
  <system-out>
    <![CDATA[disabled !!]]>
  </system-out>
  <testcase classname="testngflags.Flag5" name="verifyloginButtonEnableDisableStatus" time="0.000"/>
  <system-out>
    <![CDATA[disabled !!]]>
  </system-out>
  <testcase classname="testngflags.Flag5" name="verifyloginButtonEnableDisableStatus" time="0.000"/>
  <system-out>
    <![CDATA[disabled !!]]>
  </system-out>
  <testcase classname="testngflags.Flag5" name="verifyloginButtonEnableDisableStatus" time="0.000"/>
  <system-out>
    <![CDATA[disabled !!]]>
  </system-out>
  <testcase classname="testngflags.Flag5" name="verifyloginButtonEnableDisableStatus" time="0.000"/>
  <system-out>
    <![CDATA[disabled !!]]>
  </system-out>
  <testcase classname="testngflags.Flag5" name="verifyloginButtonEnableDisableStatus" time="0.000"/>
  <system-out>
    <![CDATA[disabled !!]]>
  </system-out>
  <testcase classname="testngflags.Flag5" name="verifyloginButtonEnableDisableStatus" time="0.000"/>
  <system-out>
    <![CDATA[disabled !!]]>
  </system-out>
  <testcase classname="testngflags.Flag5" name="verifyloginButtonEnableDisableStatus" time="0.000"/>
  <system-out>
    <![CDATA[disabled !!]]>
  </system-out>
  <testcase classname="testngflags.Flag5" name="verifyloginButtonEnableDisableStatus" time="0.000"/>
  <system-out>
    <![CDATA[disabled !!]]>
  </system-out>
  <testcase classname="testngflags.Flag5" name="verifyloginButtonEnableDisableStatus" time="0.027"/>
  <system-out>
    <![CDATA[disabled !!]]>
  </system-out>
  <testcase classname="testngflags.Flag5" name="verifyloginButtonEnableDisableStatus" time="0.002"/>
  <system-out>
    <![CDATA[disabled !!]]>
  </system-out>
  <testcase classname="testngflags.Flag5" name="verifyloginButtonEnableDisableStatus" time="0.000"/>
  <system-out>
    <![CDATA[disabled !!]]>
  </system-out>
  <testcase classname="testngflags.Flag5" name="verifyloginButtonEnableDisableStatus" time="0.000"/>
  <system-out>
    <![CDATA[disabled !!]]>
  </system-out>
  <testcase classname="testngflags.Flag5" name="verifyloginButtonEnableDisableStatus" time="0.000"/>
  <system-out>
    <![CDATA[disabled !!]]>
  </system-out>
  <testcase classname="testngflags.Flag5" name="verifyloginButtonEnableDisableStatus" time="0.001"/>
  <system-out>
    <![CDATA[disabled !!]]>
  </system-out>
  <testcase classname="testngflags.Flag5" name="verifyloginButtonEnableDisableStatus" time="0.000"/>
  <system-out>
    <![CDATA[disabled !!]]>
  </system-out>
  <testcase classname="testngflags.Flag5" name="verifyloginButtonEnableDisableStatus" time="0.000"/>
  <system-out>
    <![CDATA[disabled !!]]>
  </system-out>
  <testcase classname="testngflags.Flag5" name="verifyloginButtonEnableDisableStatus" time="0.001"/>
  <system-out>
    <![CDATA[disabled !!]]>
  </system-out>
  <testcase classname="testngflags.Flag5" name="verifyloginButtonEnableDisableStatus" time="0.040"/>
  <system-out>
    <![CDATA[disabled !!]]>
  </system-out>
  <testcase classname="testngflags.Flag5" name="verifyloginButtonEnableDisableStatus" time="0.000"/>
  <system-out>
    <![CDATA[disabled !!]]>
  </system-out>
  <testcase classname="testngflags.Flag5" name="verifyloginButtonEnableDisableStatus" time="0.000"/>
  <system-out>
    <![CDATA[disabled !!]]>
  </system-out>
  <testcase classname="testngflags.Flag5" name="verifyloginButtonEnableDisableStatus" time="0.001"/>
  <system-out>
    <![CDATA[disabled !!]]>
  </system-out>
  <testcase classname="testngflags.Flag5" name="verifyloginButtonEnableDisableStatus" time="0.000"/>
  <system-out>
    <![CDATA[disabled !!]]>
  </system-out>
  <testcase classname="testngflags.Flag5" name="verifyloginButtonEnableDisableStatus" time="0.001"/>
  <system-out>
    <![CDATA[disabled !!]]>
  </system-out>
  <testcase classname="testngflags.Flag5" name="verifyloginButtonEnableDisableStatus" time="0.000"/>
  <system-out>
    <![CDATA[disabled !!]]>
  </system-out>
  <testcase classname="testngflags.Flag5" name="verifyloginButtonEnableDisableStatus" time="0.000"/>
  <system-out>
    <![CDATA[disabled !!]]>
  </system-out>
  <testcase classname="testngflags.Flag5" name="verifyloginButtonEnableDisableStatus" time="0.001"/>
  <system-out>
    <![CDATA[disabled !!]]>
  </system-out>
  <testcase classname="testngflags.Flag5" name="verifyloginButtonEnableDisableStatus" time="0.000"/>
  <system-out>
    <![CDATA[disabled !!]]>
  </system-out>
  <testcase classname="testngflags.Flag5" name="verifyloginButtonEnableDisableStatus" time="0.000"/>
  <system-out>
    <![CDATA[disabled !!]]>
  </system-out>
  <testcase classname="testngflags.Flag5" name="verifyloginButtonEnableDisableStatus" time="0.013"/>
  <system-out>
    <![CDATA[disabled !!]]>
  </system-out>
  <testcase classname="testngflags.Flag5" name="verifyloginButtonEnableDisableStatus" time="0.003"/>
  <system-out>
    <![CDATA[disabled !!]]>
  </system-out>
  <testcase classname="testngflags.Flag5" name="verifyloginButtonEnableDisableStatus" time="0.000"/>
  <system-out>
    <![CDATA[disabled !!]]>
  </system-out>
  <testcase classname="testngflags.Flag5" name="verifyloginButtonEnableDisableStatus" time="0.001"/>
  <system-out>
    <![CDATA[disabled !!]]>
  </system-out>
  <testcase classname="testngflags.Flag5" name="verifyloginButtonEnableDisableStatus" time="0.000"/>
  <system-out>
    <![CDATA[disabled !!]]>
  </system-out>
  <testcase classname="testngflags.Flag5" name="verifyloginButtonEnableDisableStatus" time="0.002"/>
  <system-out>
    <![CDATA[disabled !!]]>
  </system-out>
  <testcase classname="testngflags.Flag5" name="verifyloginButtonEnableDisableStatus" time="0.001"/>
  <system-out>
    <![CDATA[disabled !!]]>
  </system-out>
  <testcase classname="testngflags.Flag5" name="verifyloginButtonEnableDisableStatus" time="0.000"/>
  <system-out>
    <![CDATA[disabled !!]]>
  </system-out>
  <testcase classname="testngflags.Flag5" name="verifyloginButtonEnableDisableStatus" time="0.000"/>
  <system-out>
    <![CDATA[disabled !!]]>
  </system-out>
  <testcase classname="testngflags.Flag5" name="verifyloginButtonEnableDisableStatus" time="0.002"/>
  <system-out>
    <![CDATA[disabled !!]]>
  </system-out>
  <testcase classname="testngflags.Flag5" name="verifyloginButtonEnableDisableStatus" time="0.005"/>
  <system-out>
    <![CDATA[disabled !!]]>
  </system-out>
  <testcase classname="testngflags.Flag5" name="verifyloginButtonEnableDisableStatus" time="0.004"/>
  <system-out>
    <![CDATA[disabled !!]]>
  </system-out>
  <testcase classname="testngflags.Flag5" name="verifyloginButtonEnableDisableStatus" time="0.000"/>
  <system-out>
    <![CDATA[disabled !!]]>
  </system-out>
  <testcase classname="testngflags.Flag5" name="verifyloginButtonEnableDisableStatus" time="0.000"/>
  <system-out>
    <![CDATA[disabled !!]]>
  </system-out>
  <testcase classname="testngflags.Flag5" name="verifyloginButtonEnableDisableStatus" time="0.000"/>
  <system-out>
    <![CDATA[disabled !!]]>
  </system-out>
  <testcase classname="testngflags.Flag5" name="verifyloginButtonEnableDisableStatus" time="0.000"/>
  <system-out>
    <![CDATA[disabled !!]]>
  </system-out>
  <testcase classname="testngflags.Flag5" name="verifyloginButtonEnableDisableStatus" time="0.002"/>
  <system-out>
    <![CDATA[disabled !!]]>
  </system-out>
  <testcase classname="testngflags.Flag5" name="verifyloginButtonEnableDisableStatus" time="0.000"/>
  <system-out>
    <![CDATA[disabled !!]]>
  </system-out>
  <testcase classname="testngflags.Flag5" name="verifyloginButtonEnableDisableStatus" time="0.000"/>
  <system-out>
    <![CDATA[disabled !!]]>
  </system-out>
  <testcase classname="testngflags.Flag5" name="verifyloginButtonEnableDisableStatus" time="0.007"/>
  <system-out>
    <![CDATA[disabled !!]]>
  </system-out>
  <testcase classname="testngflags.Flag5" name="verifyloginButtonEnableDisableStatus" time="0.000"/>
  <system-out>
    <![CDATA[disabled !!]]>
  </system-out>
  <testcase classname="testngflags.Flag5" name="verifyloginButtonEnableDisableStatus" time="0.000"/>
  <system-out>
    <![CDATA[disabled !!]]>
  </system-out>
  <testcase classname="testngflags.Flag5" name="verifyloginButtonEnableDisableStatus" time="0.000"/>
  <system-out>
    <![CDATA[disabled !!]]>
  </system-out>
  <testcase classname="testngflags.Flag5" name="verifyloginButtonEnableDisableStatus" time="0.009"/>
  <system-out>
    <![CDATA[disabled !!]]>
  </system-out>
  <testcase classname="testngflags.Flag5" name="verifyloginButtonEnableDisableStatus" time="0.003"/>
  <system-out>
    <![CDATA[disabled !!]]>
  </system-out>
  <testcase classname="testngflags.Flag5" name="verifyloginButtonEnableDisableStatus" time="0.000"/>
  <system-out>
    <![CDATA[disabled !!]]>
  </system-out>
  <testcase classname="testngflags.Flag5" name="verifyloginButtonEnableDisableStatus" time="0.000"/>
  <system-out>
    <![CDATA[disabled !!]]>
  </system-out>
  <testcase classname="testngflags.Flag5" name="verifyloginButtonEnableDisableStatus" time="0.003"/>
  <system-out>
    <![CDATA[disabled !!]]>
  </system-out>
  <testcase classname="testngflags.Flag5" name="verifyloginButtonEnableDisableStatus" time="0.001"/>
  <system-out>
    <![CDATA[disabled !!]]>
  </system-out>
  <testcase classname="testngflags.Flag5" name="verifyloginButtonEnableDisableStatus" time="0.000"/>
  <system-out>
    <![CDATA[disabled !!]]>
  </system-out>
  <testcase classname="testngflags.Flag5" name="verifyloginButtonEnableDisableStatus" time="0.000"/>
  <system-out>
    <![CDATA[disabled !!]]>
  </system-out>
  <testcase classname="testngflags.Flag5" name="verifyloginButtonEnableDisableStatus" time="0.000"/>
  <system-out>
    <![CDATA[disabled !!]]>
  </system-out>
  <testcase classname="testngflags.Flag5" name="verifyloginButtonEnableDisableStatus" time="0.003"/>
  <system-out>
    <![CDATA[disabled !!]]>
  </system-out>
  <testcase classname="testngflags.Flag5" name="verifyloginButtonEnableDisableStatus" time="0.000"/>
  <system-out>
    <![CDATA[disabled !!]]>
  </system-out>
  <testcase classname="testngflags.Flag5" name="verifyloginButtonEnableDisableStatus" time="0.001"/>
  <system-out>
    <![CDATA[disabled !!]]>
  </system-out>
  <testcase classname="testngflags.Flag5" name="verifyloginButtonEnableDisableStatus" time="0.000"/>
  <system-out>
    <![CDATA[disabled !!]]>
  </system-out>
  <testcase classname="testngflags.Flag5" name="verifyloginButtonEnableDisableStatus" time="0.000"/>
  <system-out>
    <![CDATA[disabled !!]]>
  </system-out>
  <testcase classname="testngflags.Flag5" name="verifyloginButtonEnableDisableStatus" time="0.001"/>
  <system-out>
    <![CDATA[disabled !!]]>
  </system-out>
  <testcase classname="testngflags.Flag5" name="verifyloginButtonEnableDisableStatus" time="0.000"/>
  <system-out>
    <![CDATA[disabled !!]]>
  </system-out>
  <testcase classname="testngflags.Flag5" name="verifyloginButtonEnableDisableStatus" time="0.004"/>
  <system-out>
    <![CDATA[disabled !!]]>
  </system-out>
  <testcase classname="testngflags.Flag5" name="verifyloginButtonEnableDisableStatus" time="0.000"/>
  <system-out>
    <![CDATA[disabled !!]]>
  </system-out>
  <testcase classname="testngflags.Flag5" name="verifyloginButtonEnableDisableStatus" time="0.001"/>
  <system-out>
    <![CDATA[disabled !!]]>
  </system-out>
  <testcase classname="testngflags.Flag5" name="verifyloginButtonEnableDisableStatus" time="0.000"/>
  <system-out>
    <![CDATA[disabled !!]]>
  </system-out>
  <testcase classname="testngflags.Flag5" name="verifyloginButtonEnableDisableStatus" time="0.000"/>
  <system-out>
    <![CDATA[disabled !!]]>
  </system-out>
  <testcase classname="testngflags.Flag5" name="verifyloginButtonEnableDisableStatus" time="0.000"/>
  <system-out>
    <![CDATA[disabled !!]]>
  </system-out>
  <testcase classname="testngflags.Flag5" name="verifyloginButtonEnableDisableStatus" time="0.001"/>
  <system-out>
    <![CDATA[disabled !!]]>
  </system-out>
  <testcase classname="testngflags.Flag5" name="verifyloginButtonEnableDisableStatus" time="0.000"/>
  <system-out>
    <![CDATA[disabled !!]]>
  </system-out>
  <testcase classname="testngflags.Flag5" name="verifyloginButtonEnableDisableStatus" time="0.000"/>
  <system-out>
    <![CDATA[disabled !!]]>
  </system-out>
  <testcase classname="testngflags.Flag5" name="verifyloginButtonEnableDisableStatus" time="0.000"/>
  <system-out>
    <![CDATA[disabled !!]]>
  </system-out>
  <testcase classname="testngflags.Flag5" name="verifyloginButtonEnableDisableStatus" time="0.000"/>
  <system-out>
    <![CDATA[disabled !!]]>
  </system-out>
  <testcase classname="testngflags.Flag5" name="verifyloginButtonEnableDisableStatus" time="0.000"/>
  <system-out>
    <![CDATA[disabled !!]]>
  </system-out>
  <testcase classname="testngflags.Flag5" name="verifyloginButtonEnableDisableStatus" time="0.001"/>
  <system-out>
    <![CDATA[disabled !!]]>
  </system-out>
  <testcase classname="testngflags.Flag5" name="verifyloginButtonEnableDisableStatus" time="0.001"/>
  <system-out>
    <![CDATA[disabled !!]]>
  </system-out>
  <testcase classname="testngflags.Flag5" name="verifyloginButtonEnableDisableStatus" time="0.002"/>
  <system-out>
    <![CDATA[disabled !!]]>
  </system-out>
  <testcase classname="testngflags.Flag5" name="verifyloginButtonEnableDisableStatus" time="0.000"/>
  <system-out>
    <![CDATA[disabled !!]]>
  </system-out>
  <testcase classname="testngflags.Flag5" name="verifyloginButtonEnableDisableStatus" time="0.000"/>
  <system-out>
    <![CDATA[disabled !!]]>
  </system-out>
  <testcase classname="testngflags.Flag5" name="verifyloginButtonEnableDisableStatus" time="0.000"/>
  <system-out>
    <![CDATA[disabled !!]]>
  </system-out>
  <testcase classname="testngflags.Flag5" name="verifyloginButtonEnableDisableStatus" time="0.001"/>
  <system-out>
    <![CDATA[disabled !!]]>
  </system-out>
  <testcase classname="testngflags.Flag5" name="verifyloginButtonEnableDisableStatus" time="0.000"/>
  <system-out>
    <![CDATA[disabled !!]]>
  </system-out>
  <testcase classname="testngflags.Flag5" name="verifyloginButtonEnableDisableStatus" time="0.000"/>
  <system-out>
    <![CDATA[disabled !!]]>
  </system-out>
  <testcase classname="testngflags.Flag5" name="verifyloginButtonEnableDisableStatus" time="0.000"/>
  <system-out>
    <![CDATA[disabled !!]]>
  </system-out>
  <testcase classname="testngflags.Flag5" name="verifyloginButtonEnableDisableStatus" time="0.000"/>
  <system-out>
    <![CDATA[disabled !!]]>
  </system-out>
  <testcase classname="testngflags.Flag5" name="verifyloginButtonEnableDisableStatus" time="0.000"/>
  <system-out>
    <![CDATA[disabled !!]]>
  </system-out>
  <testcase classname="testngflags.Flag5" name="verifyloginButtonEnableDisableStatus" time="0.001"/>
  <system-out>
    <![CDATA[disabled !!]]>
  </system-out>
  <testcase classname="testngflags.Flag5" name="verifyloginButtonEnableDisableStatus" time="0.000"/>
  <system-out>
    <![CDATA[disabled !!]]>
  </system-out>
  <testcase classname="testngflags.Flag5" name="verifyloginButtonEnableDisableStatus" time="0.000"/>
  <system-out>
    <![CDATA[disabled !!]]>
  </system-out>
  <testcase classname="testngflags.Flag5" name="verifyloginButtonEnableDisableStatus" time="0.005"/>
  <system-out>
    <![CDATA[disabled !!]]>
  </system-out>
  <testcase classname="testngflags.Flag5" name="verifyloginButtonEnableDisableStatus" time="0.002"/>
  <system-out>
    <![CDATA[disabled !!]]>
  </system-out>
  <testcase classname="testngflags.Flag5" name="verifyloginButtonEnableDisableStatus" time="0.000"/>
  <system-out>
    <![CDATA[disabled !!]]>
  </system-out>
  <testcase classname="testngflags.Flag5" name="verifyloginButtonEnableDisableStatus" time="0.000"/>
  <system-out>
    <![CDATA[disabled !!]]>
  </system-out>
  <testcase classname="testngflags.Flag5" name="verifyloginButtonEnableDisableStatus" time="0.000"/>
  <system-out>
    <![CDATA[disabled !!]]>
  </system-out>
  <testcase classname="testngflags.Flag5" name="verifyloginButtonEnableDisableStatus" time="0.001"/>
  <system-out>
    <![CDATA[disabled !!]]>
  </system-out>
  <testcase classname="testngflags.Flag5" name="verifyloginButtonEnableDisableStatus" time="0.000"/>
  <system-out>
    <![CDATA[disabled !!]]>
  </system-out>
  <testcase classname="testngflags.Flag5" name="verifyloginButtonEnableDisableStatus" time="0.000"/>
  <system-out>
    <![CDATA[disabled !!]]>
  </system-out>
  <testcase classname="testngflags.Flag5" name="verifyloginButtonEnableDisableStatus" time="0.001"/>
  <system-out>
    <![CDATA[disabled !!]]>
  </system-out>
  <testcase classname="testngflags.Flag5" name="verifyloginButtonEnableDisableStatus" time="0.001"/>
  <system-out>
    <![CDATA[disabled !!]]>
  </system-out>
  <testcase classname="testngflags.Flag5" name="verifyloginButtonEnableDisableStatus" time="0.001"/>
  <system-out>
    <![CDATA[disabled !!]]>
  </system-out>
  <testcase classname="testngflags.Flag5" name="verifyloginButtonEnableDisableStatus" time="0.001"/>
  <system-out>
    <![CDATA[disabled !!]]>
  </system-out>
  <testcase classname="testngflags.Flag5" name="verifyloginButtonEnableDisableStatus" time="0.002"/>
  <system-out>
    <![CDATA[disabled !!]]>
  </system-out>
  <testcase classname="testngflags.Flag5" name="verifyloginButtonEnableDisableStatus" time="0.000"/>
  <system-out>
    <![CDATA[disabled !!]]>
  </system-out>
  <testcase classname="testngflags.Flag5" name="verifyloginButtonEnableDisableStatus" time="0.001"/>
  <system-out>
    <![CDATA[disabled !!]]>
  </system-out>
  <testcase classname="testngflags.Flag5" name="verifyloginButtonEnableDisableStatus" time="0.000"/>
  <system-out>
    <![CDATA[disabled !!]]>
  </system-out>
  <testcase classname="testngflags.Flag5" name="verifyloginButtonEnableDisableStatus" time="0.001"/>
  <system-out>
    <![CDATA[disabled !!]]>
  </system-out>
  <testcase classname="testngflags.Flag5" name="verifyloginButtonEnableDisableStatus" time="0.000"/>
  <system-out>
    <![CDATA[disabled !!]]>
  </system-out>
  <testcase classname="testngflags.Flag5" name="verifyloginButtonEnableDisableStatus" time="0.000"/>
  <system-out>
    <![CDATA[disabled !!]]>
  </system-out>
  <testcase classname="testngflags.Flag5" name="verifyloginButtonEnableDisableStatus" time="0.000"/>
  <system-out>
    <![CDATA[disabled !!]]>
  </system-out>
  <testcase classname="testngflags.Flag5" name="verifyloginButtonEnableDisableStatus" time="0.000"/>
  <system-out>
    <![CDATA[disabled !!]]>
  </system-out>
  <testcase classname="testngflags.Flag5" name="verifyloginButtonEnableDisableStatus" time="0.002"/>
  <system-out>
    <![CDATA[disabled !!]]>
  </system-out>
  <testcase classname="testngflags.Flag5" name="verifyloginButtonEnableDisableStatus" time="0.001"/>
  <system-out>
    <![CDATA[disabled !!]]>
  </system-out>
  <testcase classname="testngflags.Flag5" name="verifyloginButtonEnableDisableStatus" time="0.000"/>
  <system-out>
    <![CDATA[disabled !!]]>
  </system-out>
  <testcase classname="testngflags.Flag5" name="verifyloginButtonEnableDisableStatus" time="0.000"/>
  <system-out>
    <![CDATA[disabled !!]]>
  </system-out>
  <testcase classname="testngflags.Flag5" name="verifyloginButtonEnableDisableStatus" time="0.000"/>
  <system-out>
    <![CDATA[disabled !!]]>
  </system-out>
  <testcase classname="testngflags.Flag5" name="verifyloginButtonEnableDisableStatus" time="0.000"/>
  <system-out>
    <![CDATA[disabled !!]]>
  </system-out>
  <testcase classname="testngflags.Flag5" name="verifyloginButtonEnableDisableStatus" time="0.000"/>
  <system-out>
    <![CDATA[disabled !!]]>
  </system-out>
  <testcase classname="testngflags.Flag5" name="verifyloginButtonEnableDisableStatus" time="0.000"/>
  <system-out>
    <![CDATA[disabled !!]]>
  </system-out>
  <testcase classname="testngflags.Flag5" name="verifyloginButtonEnableDisableStatus" time="0.000"/>
  <system-out>
    <![CDATA[disabled !!]]>
  </system-out>
  <testcase classname="testngflags.Flag5" name="verifyloginButtonEnableDisableStatus" time="0.000"/>
  <system-out>
    <![CDATA[disabled !!]]>
  </system-out>
  <testcase classname="testngflags.Flag5" name="verifyloginButtonEnableDisableStatus" time="0.000"/>
  <system-out>
    <![CDATA[disabled !!]]>
  </system-out>
  <testcase classname="testngflags.Flag5" name="verifyloginButtonEnableDisableStatus" time="0.000"/>
  <system-out>
    <![CDATA[disabled !!]]>
  </system-out>
  <testcase classname="testngflags.Flag5" name="verifyloginButtonEnableDisableStatus" time="0.000"/>
  <system-out>
    <![CDATA[disabled !!]]>
  </system-out>
  <testcase classname="testngflags.Flag5" name="verifyloginButtonEnableDisableStatus" time="0.000"/>
  <system-out>
    <![CDATA[disabled !!]]>
  </system-out>
  <testcase classname="testngflags.Flag5" name="verifyloginButtonEnableDisableStatus" time="0.006"/>
  <system-out>
    <![CDATA[disabled !!]]>
  </system-out>
  <testcase classname="testngflags.Flag5" name="verifyloginButtonEnableDisableStatus" time="0.000"/>
  <system-out>
    <![CDATA[disabled !!]]>
  </system-out>
  <testcase classname="testngflags.Flag5" name="verifyloginButtonEnableDisableStatus" time="0.000"/>
  <system-out>
    <![CDATA[disabled !!]]>
  </system-out>
  <testcase classname="testngflags.Flag5" name="verifyloginButtonEnableDisableStatus" time="0.000"/>
  <system-out>
    <![CDATA[disabled !!]]>
  </system-out>
  <testcase classname="testngflags.Flag5" name="verifyloginButtonEnableDisableStatus" time="0.001"/>
  <system-out>
    <![CDATA[disabled !!]]>
  </system-out>
  <testcase classname="testngflags.Flag5" name="verifyloginButtonEnableDisableStatus" time="0.000"/>
  <system-out>
    <![CDATA[disabled !!]]>
  </system-out>
  <testcase classname="testngflags.Flag5" name="verifyloginButtonEnableDisableStatus" time="0.000"/>
  <system-out>
    <![CDATA[disabled !!]]>
  </system-out>
  <testcase classname="testngflags.Flag5" name="verifyloginButtonEnableDisableStatus" time="0.001"/>
  <system-out>
    <![CDATA[disabled !!]]>
  </system-out>
  <testcase classname="testngflags.Flag5" name="verifyloginButtonEnableDisableStatus" time="0.001"/>
  <system-out>
    <![CDATA[disabled !!]]>
  </system-out>
  <testcase classname="testngflags.Flag5" name="verifyloginButtonEnableDisableStatus" time="0.000"/>
  <system-out>
    <![CDATA[disabled !!]]>
  </system-out>
  <testcase classname="testngflags.Flag5" name="verifyloginButtonEnableDisableStatus" time="0.007"/>
  <system-out>
    <![CDATA[disabled !!]]>
  </system-out>
  <testcase classname="testngflags.Flag5" name="verifyloginButtonEnableDisableStatus" time="0.002"/>
  <system-out>
    <![CDATA[disabled !!]]>
  </system-out>
  <testcase classname="testngflags.Flag5" name="verifyloginButtonEnableDisableStatus" time="0.000"/>
  <system-out>
    <![CDATA[disabled !!]]>
  </system-out>
  <testcase classname="testngflags.Flag5" name="verifyloginButtonEnableDisableStatus" time="0.000"/>
  <system-out>
    <![CDATA[disabled !!]]>
  </system-out>
  <testcase classname="testngflags.Flag5" name="verifyloginButtonEnableDisableStatus" time="0.000"/>
  <system-out>
    <![CDATA[disabled !!]]>
  </system-out>
  <testcase classname="testngflags.Flag5" name="verifyloginButtonEnableDisableStatus" time="0.002"/>
  <system-out>
    <![CDATA[disabled !!]]>
  </system-out>
  <testcase classname="testngflags.Flag5" name="verifyloginButtonEnableDisableStatus" time="0.001"/>
  <system-out>
    <![CDATA[disabled !!]]>
  </system-out>
  <testcase classname="testngflags.Flag5" name="verifyloginButtonEnableDisableStatus" time="0.000"/>
  <system-out>
    <![CDATA[disabled !!]]>
  </system-out>
  <testcase classname="testngflags.Flag5" name="verifyloginButtonEnableDisableStatus" time="0.000"/>
  <system-out>
    <![CDATA[disabled !!]]>
  </system-out>
  <testcase classname="testngflags.Flag5" name="verifyloginButtonEnableDisableStatus" time="0.000"/>
  <system-out>
    <![CDATA[disabled !!]]>
  </system-out>
  <testcase classname="testngflags.Flag5" name="verifyloginButtonEnableDisableStatus" time="0.000"/>
  <system-out>
    <![CDATA[disabled !!]]>
  </system-out>
  <testcase classname="testngflags.Flag5" name="verifyloginButtonEnableDisableStatus" time="0.001"/>
  <system-out>
    <![CDATA[disabled !!]]>
  </system-out>
  <testcase classname="testngflags.Flag5" name="verifyloginButtonEnableDisableStatus" time="0.000"/>
  <system-out>
    <![CDATA[disabled !!]]>
  </system-out>
  <testcase classname="testngflags.Flag5" name="verifyloginButtonEnableDisableStatus" time="0.001"/>
  <system-out>
    <![CDATA[disabled !!]]>
  </system-out>
  <testcase classname="testngflags.Flag5" name="verifyloginButtonEnableDisableStatus" time="0.000"/>
  <system-out>
    <![CDATA[disabled !!]]>
  </system-out>
  <testcase classname="testngflags.Flag5" name="verifyloginButtonEnableDisableStatus" time="0.000"/>
  <system-out>
    <![CDATA[disabled !!]]>
  </system-out>
  <testcase classname="testngflags.Flag5" name="verifyloginButtonEnableDisableStatus" time="0.016"/>
  <system-out>
    <![CDATA[disabled !!]]>
  </system-out>
  <testcase classname="testngflags.Flag5" name="verifyloginButtonEnableDisableStatus" time="0.000"/>
  <system-out>
    <![CDATA[disabled !!]]>
  </system-out>
  <testcase classname="testngflags.Flag5" name="verifyloginButtonEnableDisableStatus" time="0.000"/>
  <system-out>
    <![CDATA[disabled !!]]>
  </system-out>
  <testcase classname="testngflags.Flag5" name="verifyloginButtonEnableDisableStatus" time="0.002"/>
  <system-out>
    <![CDATA[disabled !!]]>
  </system-out>
  <testcase classname="testngflags.Flag5" name="verifyloginButtonEnableDisableStatus" time="0.001"/>
  <system-out>
    <![CDATA[disabled !!]]>
  </system-out>
  <testcase classname="testngflags.Flag5" name="verifyloginButtonEnableDisableStatus" time="0.001"/>
  <system-out>
    <![CDATA[disabled !!]]>
  </system-out>
  <testcase classname="testngflags.Flag5" name="verifyloginButtonEnableDisableStatus" time="0.000"/>
  <system-out>
    <![CDATA[disabled !!]]>
  </system-out>
  <testcase classname="testngflags.Flag5" name="verifyloginButtonEnableDisableStatus" time="0.000"/>
  <system-out>
    <![CDATA[disabled !!]]>
  </system-out>
  <testcase classname="testngflags.Flag5" name="verifyloginButtonEnableDisableStatus" time="0.001"/>
  <system-out>
    <![CDATA[disabled !!]]>
  </system-out>
  <testcase classname="testngflags.Flag5" name="verifyloginButtonEnableDisableStatus" time="0.000"/>
  <system-out>
    <![CDATA[disabled !!]]>
  </system-out>
  <testcase classname="testngflags.Flag5" name="verifyloginButtonEnableDisableStatus" time="0.000"/>
  <system-out>
    <![CDATA[disabled !!]]>
  </system-out>
  <testcase classname="testngflags.Flag5" name="verifyloginButtonEnableDisableStatus" time="0.001"/>
  <system-out>
    <![CDATA[disabled !!]]>
  </system-out>
  <testcase classname="testngflags.Flag5" name="verifyloginButtonEnableDisableStatus" time="0.001"/>
  <system-out>
    <![CDATA[disabled !!]]>
  </system-out>
  <testcase classname="testngflags.Flag5" name="verifyloginButtonEnableDisableStatus" time="0.001"/>
  <system-out>
    <![CDATA[disabled !!]]>
  </system-out>
  <testcase classname="testngflags.Flag5" name="verifyloginButtonEnableDisableStatus" time="0.001"/>
  <system-out>
    <![CDATA[disabled !!]]>
  </system-out>
  <testcase classname="testngflags.Flag5" name="verifyloginButtonEnableDisableStatus" time="0.001"/>
  <system-out>
    <![CDATA[disabled !!]]>
  </system-out>
  <testcase classname="testngflags.Flag5" name="verifyloginButtonEnableDisableStatus" time="0.000"/>
  <system-out>
    <![CDATA[disabled !!]]>
  </system-out>
  <testcase classname="testngflags.Flag5" name="verifyloginButtonEnableDisableStatus" time="0.000"/>
  <system-out>
    <![CDATA[disabled !!]]>
  </system-out>
  <testcase classname="testngflags.Flag5" name="verifyloginButtonEnableDisableStatus" time="0.000"/>
  <system-out>
    <![CDATA[disabled !!]]>
  </system-out>
  <testcase classname="testngflags.Flag5" name="verifyloginButtonEnableDisableStatus" time="0.000"/>
  <system-out>
    <![CDATA[disabled !!]]>
  </system-out>
  <testcase classname="testngflags.Flag5" name="verifyloginButtonEnableDisableStatus" time="0.000"/>
  <system-out>
    <![CDATA[disabled !!]]>
  </system-out>
  <testcase classname="testngflags.Flag5" name="verifyloginButtonEnableDisableStatus" time="0.000"/>
  <system-out>
    <![CDATA[disabled !!]]>
  </system-out>
  <testcase classname="testngflags.Flag5" name="verifyloginButtonEnableDisableStatus" time="0.001"/>
  <system-out>
    <![CDATA[disabled !!]]>
  </system-out>
  <testcase classname="testngflags.Flag5" name="verifyloginButtonEnableDisableStatus" time="0.001"/>
  <system-out>
    <![CDATA[disabled !!]]>
  </system-out>
  <testcase classname="testngflags.Flag5" name="verifyloginButtonEnableDisableStatus" time="0.000"/>
  <system-out>
    <![CDATA[disabled !!]]>
  </system-out>
  <testcase classname="testngflags.Flag5" name="verifyloginButtonEnableDisableStatus" time="0.000"/>
  <system-out>
    <![CDATA[disabled !!]]>
  </system-out>
  <testcase classname="testngflags.Flag5" name="verifyloginButtonEnableDisableStatus" time="0.000"/>
  <system-out>
    <![CDATA[disabled !!]]>
  </system-out>
  <testcase classname="testngflags.Flag5" name="verifyloginButtonEnableDisableStatus" time="0.001"/>
  <system-out>
    <![CDATA[disabled !!]]>
  </system-out>
  <testcase classname="testngflags.Flag5" name="verifyloginButtonEnableDisableStatus" time="0.000"/>
  <system-out>
    <![CDATA[disabled !!]]>
  </system-out>
  <testcase classname="testngflags.Flag5" name="verifyloginButtonEnableDisableStatus" time="0.005"/>
  <system-out>
    <![CDATA[disabled !!]]>
  </system-out>
  <testcase classname="testngflags.Flag5" name="verifyloginButtonEnableDisableStatus" time="0.000"/>
  <system-out>
    <![CDATA[disabled !!]]>
  </system-out>
  <testcase classname="testngflags.Flag5" name="verifyloginButtonEnableDisableStatus" time="0.000"/>
  <system-out>
    <![CDATA[disabled !!]]>
  </system-out>
  <testcase classname="testngflags.Flag5" name="verifyloginButtonEnableDisableStatus" time="0.000"/>
  <system-out>
    <![CDATA[disabled !!]]>
  </system-out>
  <testcase classname="testngflags.Flag5" name="verifyloginButtonEnableDisableStatus" time="0.000"/>
  <system-out>
    <![CDATA[disabled !!]]>
  </system-out>
  <testcase classname="testngflags.Flag5" name="verifyloginButtonEnableDisableStatus" time="0.000"/>
  <system-out>
    <![CDATA[disabled !!]]>
  </system-out>
  <testcase classname="testngflags.Flag5" name="verifyloginButtonEnableDisableStatus" time="0.000"/>
  <system-out>
    <![CDATA[disabled !!]]>
  </system-out>
  <testcase classname="testngflags.Flag5" name="verifyloginButtonEnableDisableStatus" time="0.000"/>
  <system-out>
    <![CDATA[disabled !!]]>
  </system-out>
  <testcase classname="testngflags.Flag5" name="verifyloginButtonEnableDisableStatus" time="0.000"/>
  <system-out>
    <![CDATA[disabled !!]]>
  </system-out>
  <testcase classname="testngflags.Flag5" name="verifyloginButtonEnableDisableStatus" time="0.003"/>
  <system-out>
    <![CDATA[disabled !!]]>
  </system-out>
  <testcase classname="testngflags.Flag5" name="verifyloginButtonEnableDisableStatus" time="0.000"/>
  <system-out>
    <![CDATA[disabled !!]]>
  </system-out>
  <testcase classname="testngflags.Flag5" name="verifyloginButtonEnableDisableStatus" time="0.000"/>
  <system-out>
    <![CDATA[disabled !!]]>
  </system-out>
  <testcase classname="testngflags.Flag5" name="verifyloginButtonEnableDisableStatus" time="0.000"/>
  <system-out>
    <![CDATA[disabled !!]]>
  </system-out>
  <testcase classname="testngflags.Flag5" name="verifyloginButtonEnableDisableStatus" time="0.001"/>
  <system-out>
    <![CDATA[disabled !!]]>
  </system-out>
  <testcase classname="testngflags.Flag5" name="verifyloginButtonEnableDisableStatus" time="0.000"/>
  <system-out>
    <![CDATA[disabled !!]]>
  </system-out>
  <testcase classname="testngflags.Flag5" name="verifyloginButtonEnableDisableStatus" time="0.007"/>
  <system-out>
    <![CDATA[disabled !!]]>
  </system-out>
  <testcase classname="testngflags.Flag5" name="verifyloginButtonEnableDisableStatus" time="0.001"/>
  <system-out>
    <![CDATA[disabled !!]]>
  </system-out>
  <testcase classname="testngflags.Flag5" name="verifyloginButtonEnableDisableStatus" time="0.001"/>
  <system-out>
    <![CDATA[disabled !!]]>
  </system-out>
  <testcase classname="testngflags.Flag5" name="verifyloginButtonEnableDisableStatus" time="0.000"/>
  <system-out>
    <![CDATA[disabled !!]]>
  </system-out>
  <testcase classname="testngflags.Flag5" name="verifyloginButtonEnableDisableStatus" time="0.001"/>
  <system-out>
    <![CDATA[disabled !!]]>
  </system-out>
  <testcase classname="testngflags.Flag5" name="verifyloginButtonEnableDisableStatus" time="0.000"/>
  <system-out>
    <![CDATA[disabled !!]]>
  </system-out>
  <testcase classname="testngflags.Flag5" name="verifyloginButtonEnableDisableStatus" time="0.000"/>
  <system-out>
    <![CDATA[disabled !!]]>
  </system-out>
  <testcase classname="testngflags.Flag5" name="verifyloginButtonEnableDisableStatus" time="0.001"/>
  <system-out>
    <![CDATA[disabled !!]]>
  </system-out>
  <testcase classname="testngflags.Flag5" name="verifyloginButtonEnableDisableStatus" time="0.000"/>
  <system-out>
    <![CDATA[disabled !!]]>
  </system-out>
  <testcase classname="testngflags.Flag5" name="verifyloginButtonEnableDisableStatus" time="0.001"/>
  <system-out>
    <![CDATA[disabled !!]]>
  </system-out>
  <testcase classname="testngflags.Flag5" name="verifyloginButtonEnableDisableStatus" time="0.002"/>
  <system-out>
    <![CDATA[disabled !!]]>
  </system-out>
  <testcase classname="testngflags.Flag5" name="verifyloginButtonEnableDisableStatus" time="0.000"/>
  <system-out>
    <![CDATA[disabled !!]]>
  </system-out>
  <testcase classname="testngflags.Flag5" name="verifyloginButtonEnableDisableStatus" time="0.000"/>
  <system-out>
    <![CDATA[disabled !!]]>
  </system-out>
  <testcase classname="testngflags.Flag5" name="verifyloginButtonEnableDisableStatus" time="0.000"/>
  <system-out>
    <![CDATA[disabled !!]]>
  </system-out>
  <testcase classname="testngflags.Flag5" name="verifyloginButtonEnableDisableStatus" time="0.000"/>
  <system-out>
    <![CDATA[disabled !!]]>
  </system-out>
  <testcase classname="testngflags.Flag5" name="verifyloginButtonEnableDisableStatus" time="0.001"/>
  <system-out>
    <![CDATA[disabled !!]]>
  </system-out>
  <testcase classname="testngflags.Flag5" name="verifyloginButtonEnableDisableStatus" time="0.000"/>
  <system-out>
    <![CDATA[disabled !!]]>
  </system-out>
  <testcase classname="testngflags.Flag5" name="verifyloginButtonEnableDisableStatus" time="0.000"/>
  <system-out>
    <![CDATA[disabled !!]]>
  </system-out>
  <testcase classname="testngflags.Flag5" name="verifyloginButtonEnableDisableStatus" time="0.000"/>
  <system-out>
    <![CDATA[disabled !!]]>
  </system-out>
  <testcase classname="testngflags.Flag5" name="verifyloginButtonEnableDisableStatus" time="0.000"/>
  <system-out>
    <![CDATA[disabled !!]]>
  </system-out>
  <testcase classname="testngflags.Flag5" name="verifyloginButtonEnableDisableStatus" time="0.000"/>
  <system-out>
    <![CDATA[disabled !!]]>
  </system-out>
  <testcase classname="testngflags.Flag5" name="verifyloginButtonEnableDisableStatus" time="0.000"/>
  <system-out>
    <![CDATA[disabled !!]]>
  </system-out>
  <testcase classname="testngflags.Flag5" name="verifyloginButtonEnableDisableStatus" time="0.000"/>
  <system-out>
    <![CDATA[disabled !!]]>
  </system-out>
  <testcase classname="testngflags.Flag5" name="verifyloginButtonEnableDisableStatus" time="0.000"/>
  <system-out>
    <![CDATA[disabled !!]]>
  </system-out>
  <testcase classname="testngflags.Flag5" name="verifyloginButtonEnableDisableStatus" time="0.000"/>
  <system-out>
    <![CDATA[disabled !!]]>
  </system-out>
  <testcase classname="testngflags.Flag5" name="verifyloginButtonEnableDisableStatus" time="0.000"/>
  <system-out>
    <![CDATA[disabled !!]]>
  </system-out>
  <testcase classname="testngflags.Flag5" name="verifyloginButtonEnableDisableStatus" time="0.004"/>
  <system-out>
    <![CDATA[disabled !!]]>
  </system-out>
  <testcase classname="testngflags.Flag5" name="verifyloginButtonEnableDisableStatus" time="0.002"/>
  <system-out>
    <![CDATA[disabled !!]]>
  </system-out>
  <testcase classname="testngflags.Flag5" name="verifyloginButtonEnableDisableStatus" time="0.000"/>
  <system-out>
    <![CDATA[disabled !!]]>
  </system-out>
  <testcase classname="testngflags.Flag5" name="verifyloginButtonEnableDisableStatus" time="0.000"/>
  <system-out>
    <![CDATA[disabled !!]]>
  </system-out>
  <testcase classname="testngflags.Flag5" name="verifyloginButtonEnableDisableStatus" time="0.000"/>
  <system-out>
    <![CDATA[disabled !!]]>
  </system-out>
  <testcase classname="testngflags.Flag5" name="verifyloginButtonEnableDisableStatus" time="0.000"/>
  <system-out>
    <![CDATA[disabled !!]]>
  </system-out>
  <testcase classname="testngflags.Flag5" name="verifyloginButtonEnableDisableStatus" time="0.000"/>
  <system-out>
    <![CDATA[disabled !!]]>
  </system-out>
  <testcase classname="testngflags.Flag5" name="verifyloginButtonEnableDisableStatus" time="0.001"/>
  <system-out>
    <![CDATA[disabled !!]]>
  </system-out>
  <testcase classname="testngflags.Flag5" name="verifyloginButtonEnableDisableStatus" time="0.000"/>
  <system-out>
    <![CDATA[disabled !!]]>
  </system-out>
  <testcase classname="testngflags.Flag5" name="verifyloginButtonEnableDisableStatus" time="0.000"/>
  <system-out>
    <![CDATA[disabled !!]]>
  </system-out>
  <testcase classname="testngflags.Flag5" name="verifyloginButtonEnableDisableStatus" time="0.000"/>
  <system-out>
    <![CDATA[disabled !!]]>
  </system-out>
  <testcase classname="testngflags.Flag5" name="verifyloginButtonEnableDisableStatus" time="0.002"/>
  <system-out>
    <![CDATA[disabled !!]]>
  </system-out>
  <testcase classname="testngflags.Flag5" name="verifyloginButtonEnableDisableStatus" time="0.001"/>
  <system-out>
    <![CDATA[disabled !!]]>
  </system-out>
  <testcase classname="testngflags.Flag5" name="verifyloginButtonEnableDisableStatus" time="0.000"/>
  <system-out>
    <![CDATA[disabled !!]]>
  </system-out>
  <testcase classname="testngflags.Flag5" name="verifyloginButtonEnableDisableStatus" time="0.000"/>
  <system-out>
    <![CDATA[disabled !!]]>
  </system-out>
  <testcase classname="testngflags.Flag5" name="verifyloginButtonEnableDisableStatus" time="0.001"/>
  <system-out>
    <![CDATA[disabled !!]]>
  </system-out>
  <testcase classname="testngflags.Flag5" name="verifyloginButtonEnableDisableStatus" time="0.000"/>
  <system-out>
    <![CDATA[disabled !!]]>
  </system-out>
  <testcase classname="testngflags.Flag5" name="verifyloginButtonEnableDisableStatus" time="0.000"/>
  <system-out>
    <![CDATA[disabled !!]]>
  </system-out>
  <testcase classname="testngflags.Flag5" name="verifyloginButtonEnableDisableStatus" time="0.000"/>
  <system-out>
    <![CDATA[disabled !!]]>
  </system-out>
  <testcase classname="testngflags.Flag5" name="verifyloginButtonEnableDisableStatus" time="0.000"/>
  <system-out>
    <![CDATA[disabled !!]]>
  </system-out>
  <testcase classname="testngflags.Flag5" name="verifyloginButtonEnableDisableStatus" time="0.001"/>
  <system-out>
    <![CDATA[disabled !!]]>
  </system-out>
  <testcase classname="testngflags.Flag5" name="verifyloginButtonEnableDisableStatus" time="0.000"/>
  <system-out>
    <![CDATA[disabled !!]]>
  </system-out>
  <testcase classname="testngflags.Flag5" name="verifyloginButtonEnableDisableStatus" time="0.000"/>
  <system-out>
    <![CDATA[disabled !!]]>
  </system-out>
  <testcase classname="testngflags.Flag5" name="verifyloginButtonEnableDisableStatus" time="0.001"/>
  <system-out>
    <![CDATA[disabled !!]]>
  </system-out>
  <testcase classname="testngflags.Flag5" name="verifyloginButtonEnableDisableStatus" time="0.001"/>
  <system-out>
    <![CDATA[disabled !!]]>
  </system-out>
  <testcase classname="testngflags.Flag5" name="verifyloginButtonEnableDisableStatus" time="0.002"/>
  <system-out>
    <![CDATA[disabled !!]]>
  </system-out>
  <testcase classname="testngflags.Flag5" name="verifyloginButtonEnableDisableStatus" time="0.002"/>
  <system-out>
    <![CDATA[disabled !!]]>
  </system-out>
  <testcase classname="testngflags.Flag5" name="verifyloginButtonEnableDisableStatus" time="0.000"/>
  <system-out>
    <![CDATA[disabled !!]]>
  </system-out>
  <testcase classname="testngflags.Flag5" name="verifyloginButtonEnableDisableStatus" time="0.000"/>
  <system-out>
    <![CDATA[disabled !!]]>
  </system-out>
  <testcase classname="testngflags.Flag5" name="verifyloginButtonEnableDisableStatus" time="0.000"/>
  <system-out>
    <![CDATA[disabled !!]]>
  </system-out>
  <testcase classname="testngflags.Flag5" name="verifyloginButtonEnableDisableStatus" time="0.000"/>
  <system-out>
    <![CDATA[disabled !!]]>
  </system-out>
  <testcase classname="testngflags.Flag5" name="verifyloginButtonEnableDisableStatus" time="0.000"/>
  <system-out>
    <![CDATA[disabled !!]]>
  </system-out>
  <testcase classname="testngflags.Flag5" name="verifyloginButtonEnableDisableStatus" time="0.000"/>
  <system-out>
    <![CDATA[disabled !!]]>
  </system-out>
  <testcase classname="testngflags.Flag5" name="verifyloginButtonEnableDisableStatus" time="0.000"/>
  <system-out>
    <![CDATA[disabled !!]]>
  </system-out>
  <testcase classname="testngflags.Flag5" name="verifyloginButtonEnableDisableStatus" time="0.000"/>
  <system-out>
    <![CDATA[disabled !!]]>
  </system-out>
  <testcase classname="testngflags.Flag5" name="verifyloginButtonEnableDisableStatus" time="0.001"/>
  <system-out>
    <![CDATA[disabled !!]]>
  </system-out>
  <testcase classname="testngflags.Flag5" name="verifyloginButtonEnableDisableStatus" time="0.000"/>
  <system-out>
    <![CDATA[disabled !!]]>
  </system-out>
  <testcase classname="testngflags.Flag5" name="verifyloginButtonEnableDisableStatus" time="0.000"/>
  <system-out>
    <![CDATA[disabled !!]]>
  </system-out>
  <testcase classname="testngflags.Flag5" name="verifyloginButtonEnableDisableStatus" time="0.002"/>
  <system-out>
    <![CDATA[disabled !!]]>
  </system-out>
  <testcase classname="testngflags.Flag5" name="verifyloginButtonEnableDisableStatus" time="0.000"/>
  <system-out>
    <![CDATA[disabled !!]]>
  </system-out>
  <testcase classname="testngflags.Flag5" name="verifyloginButtonEnableDisableStatus" time="0.000"/>
  <system-out>
    <![CDATA[disabled !!]]>
  </system-out>
  <testcase classname="testngflags.Flag5" name="verifyloginButtonEnableDisableStatus" time="0.000"/>
  <system-out>
    <![CDATA[disabled !!]]>
  </system-out>
  <testcase classname="testngflags.Flag5" name="verifyloginButtonEnableDisableStatus" time="0.001"/>
  <system-out>
    <![CDATA[disabled !!]]>
  </system-out>
  <testcase classname="testngflags.Flag5" name="verifyloginButtonEnableDisableStatus" time="0.000"/>
  <system-out>
    <![CDATA[disabled !!]]>
  </system-out>
  <testcase classname="testngflags.Flag5" name="verifyloginButtonEnableDisableStatus" time="0.000"/>
  <system-out>
    <![CDATA[disabled !!]]>
  </system-out>
  <testcase classname="testngflags.Flag5" name="verifyloginButtonEnableDisableStatus" time="0.000"/>
  <system-out>
    <![CDATA[disabled !!]]>
  </system-out>
  <testcase classname="testngflags.Flag5" name="verifyloginButtonEnableDisableStatus" time="0.002"/>
  <system-out>
    <![CDATA[disabled !!]]>
  </system-out>
  <testcase classname="testngflags.Flag5" name="verifyloginButtonEnableDisableStatus" time="0.000"/>
  <system-out>
    <![CDATA[disabled !!]]>
  </system-out>
  <testcase classname="testngflags.Flag5" name="verifyloginButtonEnableDisableStatus" time="0.000"/>
  <system-out>
    <![CDATA[disabled !!]]>
  </system-out>
  <testcase classname="testngflags.Flag5" name="verifyloginButtonEnableDisableStatus" time="0.001"/>
  <system-out>
    <![CDATA[disabled !!]]>
  </system-out>
  <testcase classname="testngflags.Flag5" name="verifyloginButtonEnableDisableStatus" time="0.001"/>
  <system-out>
    <![CDATA[disabled !!]]>
  </system-out>
  <testcase classname="testngflags.Flag5" name="verifyloginButtonEnableDisableStatus" time="0.001"/>
  <system-out>
    <![CDATA[disabled !!]]>
  </system-out>
  <testcase classname="testngflags.Flag5" name="verifyloginButtonEnableDisableStatus" time="0.001"/>
  <system-out>
    <![CDATA[disabled !!]]>
  </system-out>
  <testcase classname="testngflags.Flag5" name="verifyloginButtonEnableDisableStatus" time="0.001"/>
  <system-out>
    <![CDATA[disabled !!]]>
  </system-out>
  <testcase classname="testngflags.Flag5" name="verifyloginButtonEnableDisableStatus" time="0.000"/>
  <system-out>
    <![CDATA[disabled !!]]>
  </system-out>
  <testcase classname="testngflags.Flag5" name="verifyloginButtonEnableDisableStatus" time="0.000"/>
  <system-out>
    <![CDATA[disabled !!]]>
  </system-out>
  <testcase classname="testngflags.Flag5" name="verifyloginButtonEnableDisableStatus" time="0.000"/>
  <system-out>
    <![CDATA[disabled !!]]>
  </system-out>
  <testcase classname="testngflags.Flag5" name="verifyloginButtonEnableDisableStatus" time="0.002"/>
  <system-out>
    <![CDATA[disabled !!]]>
  </system-out>
  <testcase classname="testngflags.Flag5" name="verifyloginButtonEnableDisableStatus" time="0.001"/>
  <system-out>
    <![CDATA[disabled !!]]>
  </system-out>
  <testcase classname="testngflags.Flag5" name="verifyloginButtonEnableDisableStatus" time="0.000"/>
  <system-out>
    <![CDATA[disabled !!]]>
  </system-out>
  <testcase classname="testngflags.Flag5" name="verifyloginButtonEnableDisableStatus" time="0.000"/>
  <system-out>
    <![CDATA[disabled !!]]>
  </system-out>
  <testcase classname="testngflags.Flag5" name="verifyloginButtonEnableDisableStatus" time="0.000"/>
  <system-out>
    <![CDATA[disabled !!]]>
  </system-out>
  <testcase classname="testngflags.Flag5" name="verifyloginButtonEnableDisableStatus" time="0.000"/>
  <system-out>
    <![CDATA[disabled !!]]>
  </system-out>
  <testcase classname="testngflags.Flag5" name="verifyloginButtonEnableDisableStatus" time="0.001"/>
  <system-out>
    <![CDATA[disabled !!]]>
  </system-out>
  <testcase classname="testngflags.Flag5" name="verifyloginButtonEnableDisableStatus" time="0.000"/>
  <system-out>
    <![CDATA[disabled !!]]>
  </system-out>
  <testcase classname="testngflags.Flag5" name="verifyloginButtonEnableDisableStatus" time="0.000"/>
  <system-out>
    <![CDATA[disabled !!]]>
  </system-out>
  <testcase classname="testngflags.Flag5" name="verifyloginButtonEnableDisableStatus" time="0.000"/>
  <system-out>
    <![CDATA[disabled !!]]>
  </system-out>
  <testcase classname="testngflags.Flag5" name="verifyloginButtonEnableDisableStatus" time="0.001"/>
  <system-out>
    <![CDATA[disabled !!]]>
  </system-out>
  <testcase classname="testngflags.Flag5" name="verifyloginButtonEnableDisableStatus" time="0.001"/>
  <system-out>
    <![CDATA[disabled !!]]>
  </system-out>
  <testcase classname="testngflags.Flag5" name="verifyloginButtonEnableDisableStatus" time="0.000"/>
  <system-out>
    <![CDATA[disabled !!]]>
  </system-out>
  <testcase classname="testngflags.Flag5" name="verifyloginButtonEnableDisableStatus" time="0.000"/>
  <system-out>
    <![CDATA[disabled !!]]>
  </system-out>
  <testcase classname="testngflags.Flag5" name="verifyloginButtonEnableDisableStatus" time="0.001"/>
  <system-out>
    <![CDATA[disabled !!]]>
  </system-out>
  <testcase classname="testngflags.Flag5" name="verifyloginButtonEnableDisableStatus" time="0.000"/>
  <system-out>
    <![CDATA[disabled !!]]>
  </system-out>
  <testcase classname="testngflags.Flag5" name="verifyloginButtonEnableDisableStatus" time="0.000"/>
  <system-out>
    <![CDATA[disabled !!]]>
  </system-out>
  <testcase classname="testngflags.Flag5" name="verifyloginButtonEnableDisableStatus" time="0.000"/>
  <system-out>
    <![CDATA[disabled !!]]>
  </system-out>
  <testcase classname="testngflags.Flag5" name="verifyloginButtonEnableDisableStatus" time="0.000"/>
  <system-out>
    <![CDATA[disabled !!]]>
  </system-out>
  <testcase classname="testngflags.Flag5" name="verifyloginButtonEnableDisableStatus" time="0.000"/>
  <system-out>
    <![CDATA[disabled !!]]>
  </system-out>
  <testcase classname="testngflags.Flag5" name="verifyloginButtonEnableDisableStatus" time="0.000"/>
  <system-out>
    <![CDATA[disabled !!]]>
  </system-out>
  <testcase classname="testngflags.Flag5" name="verifyloginButtonEnableDisableStatus" time="0.000"/>
  <system-out>
    <![CDATA[disabled !!]]>
  </system-out>
  <testcase classname="testngflags.Flag5" name="verifyloginButtonEnableDisableStatus" time="0.004"/>
  <system-out>
    <![CDATA[disabled !!]]>
  </system-out>
  <testcase classname="testngflags.Flag5" name="verifyloginButtonEnableDisableStatus" time="0.001"/>
  <system-out>
    <![CDATA[disabled !!]]>
  </system-out>
  <testcase classname="testngflags.Flag5" name="verifyloginButtonEnableDisableStatus" time="0.005"/>
  <system-out>
    <![CDATA[disabled !!]]>
  </system-out>
  <testcase classname="testngflags.Flag5" name="verifyloginButtonEnableDisableStatus" time="0.003"/>
  <system-out>
    <![CDATA[disabled !!]]>
  </system-out>
  <testcase classname="testngflags.Flag5" name="verifyloginButtonEnableDisableStatus" time="0.001"/>
  <system-out>
    <![CDATA[disabled !!]]>
  </system-out>
  <testcase classname="testngflags.Flag5" name="verifyloginButtonEnableDisableStatus" time="0.000"/>
  <system-out>
    <![CDATA[disabled !!]]>
  </system-out>
  <testcase classname="testngflags.Flag5" name="verifyloginButtonEnableDisableStatus" time="0.000"/>
  <system-out>
    <![CDATA[disabled !!]]>
  </system-out>
  <testcase classname="testngflags.Flag5" name="verifyloginButtonEnableDisableStatus" time="0.002"/>
  <system-out>
    <![CDATA[disabled !!]]>
  </system-out>
  <testcase classname="testngflags.Flag5" name="verifyloginButtonEnableDisableStatus" time="0.000"/>
  <system-out>
    <![CDATA[disabled !!]]>
  </system-out>
  <testcase classname="testngflags.Flag5" name="verifyloginButtonEnableDisableStatus" time="0.001"/>
  <system-out>
    <![CDATA[disabled !!]]>
  </system-out>
  <testcase classname="testngflags.Flag5" name="verifyloginButtonEnableDisableStatus" time="0.000"/>
  <system-out>
    <![CDATA[disabled !!]]>
  </system-out>
  <testcase classname="testngflags.Flag5" name="verifyloginButtonEnableDisableStatus" time="0.000"/>
  <system-out>
    <![CDATA[disabled !!]]>
  </system-out>
  <testcase classname="testngflags.Flag5" name="verifyloginButtonEnableDisableStatus" time="0.002"/>
  <system-out>
    <![CDATA[disabled !!]]>
  </system-out>
  <testcase classname="testngflags.Flag5" name="verifyloginButtonEnableDisableStatus" time="0.000"/>
  <system-out>
    <![CDATA[disabled !!]]>
  </system-out>
  <testcase classname="testngflags.Flag5" name="verifyloginButtonEnableDisableStatus" time="0.001"/>
  <system-out>
    <![CDATA[disabled !!]]>
  </system-out>
  <testcase classname="testngflags.Flag5" name="verifyloginButtonEnableDisableStatus" time="0.000"/>
  <system-out>
    <![CDATA[disabled !!]]>
  </system-out>
  <testcase classname="testngflags.Flag5" name="verifyloginButtonEnableDisableStatus" time="0.001"/>
  <system-out>
    <![CDATA[disabled !!]]>
  </system-out>
  <testcase classname="testngflags.Flag5" name="verifyloginButtonEnableDisableStatus" time="0.000"/>
  <system-out>
    <![CDATA[disabled !!]]>
  </system-out>
  <testcase classname="testngflags.Flag5" name="verifyloginButtonEnableDisableStatus" time="0.000"/>
  <system-out>
    <![CDATA[disabled !!]]>
  </system-out>
  <testcase classname="testngflags.Flag5" name="verifyloginButtonEnableDisableStatus" time="0.000"/>
  <system-out>
    <![CDATA[disabled !!]]>
  </system-out>
  <testcase classname="testngflags.Flag5" name="verifyloginButtonEnableDisableStatus" time="0.000"/>
  <system-out>
    <![CDATA[disabled !!]]>
  </system-out>
  <testcase classname="testngflags.Flag5" name="verifyloginButtonEnableDisableStatus" time="0.000"/>
  <system-out>
    <![CDATA[disabled !!]]>
  </system-out>
[...]
  <system-out>
    <![CDATA[disabled !!]]>
  </system-out>
  <testcase classname="testngflags.Flag5" name="verifyloginButtonEnableDisableStatus" time="0.000"/>
  <system-out>
    <![CDATA[disabled !!]]>
  </system-out>
  <testcase classname="testngflags.Flag5" name="verifyloginButtonEnableDisableStatus" time="0.000"/>
  <system-out>
    <![CDATA[disabled !!]]>
  </system-out>
  <testcase classname="testngflags.Flag5" name="verifyloginButtonEnableDisableStatus" time="0.008"/>
  <system-out>
    <![CDATA[disabled !!]]>
  </system-out>
  <testcase classname="testngflags.Flag5" name="verifyloginButtonEnableDisableStatus" time="0.000"/>
  <system-out>
    <![CDATA[disabled !!]]>
  </system-out>
  <testcase classname="testngflags.Flag5" name="verifyloginButtonEnableDisableStatus" time="0.001"/>
  <system-out>
    <![CDATA[disabled !!]]>
  </system-out>
  <testcase classname="testngflags.Flag5" name="verifyloginButtonEnableDisableStatus" time="0.000"/>
  <system-out>
    <![CDATA[disabled !!]]>
  </system-out>
  <testcase classname="testngflags.Flag5" name="verifyloginButtonEnableDisableStatus" time="0.002"/>
  <system-out>
    <![CDATA[disabled !!]]>
  </system-out>
  <testcase classname="testngflags.Flag5" name="verifyloginButtonEnableDisableStatus" time="0.001"/>
  <system-out>
    <![CDATA[disabled !!]]>
  </system-out>
  <testcase classname="testngflags.Flag5" name="verifyloginButtonEnableDisableStatus" time="0.000"/>
  <system-out>
    <![CDATA[disabled !!]]>
  </system-out>
  <testcase classname="testngflags.Flag5" name="verifyloginButtonEnableDisableStatus" time="0.000"/>
  <system-out>
    <![CDATA[disabled !!]]>
  </system-out>
  <testcase classname="testngflags.Flag5" name="verifyloginButtonEnableDisableStatus" time="0.000"/>
  <system-out>
    <![CDATA[disabled !!]]>
  </system-out>
  <testcase classname="testngflags.Flag5" name="verifyloginButtonEnableDisableStatus" time="0.000"/>
  <system-out>
    <![CDATA[disabled !!]]>
  </system-out>
  <testcase classname="testngflags.Flag5" name="verifyloginButtonEnableDisableStatus" time="0.004"/>
  <system-out>
    <![CDATA[disabled !!]]>
  </system-out>
  <testcase classname="testngflags.Flag5" name="verifyloginButtonEnableDisableStatus" time="0.013"/>
  <system-out>
    <![CDATA[disabled !!]]>
  </system-out>
  <testcase classname="testngflags.Flag5" name="verifyloginButtonEnableDisableStatus" time="0.000"/>
  <system-out>
    <![CDATA[disabled !!]]>
  </system-out>
  <testcase classname="testngflags.Flag5" name="verifyloginButtonEnableDisableStatus" time="0.000"/>
  <system-out>
    <![CDATA[disabled !!]]>
  </system-out>
  <testcase classname="testngflags.Flag5" name="verifyloginButtonEnableDisableStatus" time="0.000"/>
  <system-out>
    <![CDATA[disabled !!]]>
  </system-out>
  <testcase classname="testngflags.Flag5" name="verifyloginButtonEnableDisableStatus" time="0.000"/>
  <system-out>
    <![CDATA[disabled !!]]>
  </system-out>
  <testcase classname="testngflags.Flag5" name="verifyloginButtonEnableDisableStatus" time="0.000"/>
  <system-out>
    <![CDATA[disabled !!]]>
  </system-out>
  <testcase classname="testngflags.Flag5" name="verifyloginButtonEnableDisableStatus" time="0.000"/>
  <system-out>
    <![CDATA[disabled !!]]>
  </system-out>
  <testcase classname="testngflags.Flag5" name="verifyloginButtonEnableDisableStatus" time="0.000"/>
  <system-out>
    <![CDATA[disabled !!]]>
  </system-out>
  <testcase classname="testngflags.Flag5" name="verifyloginButtonEnableDisableStatus" time="0.000"/>
  <system-out>
    <![CDATA[disabled !!]]>
  </system-out>
  <testcase classname="testngflags.Flag5" name="verifyloginButtonEnableDisableStatus" time="0.000"/>
  <system-out>
    <![CDATA[disabled !!]]>
  </system-out>
  <testcase classname="testngflags.Flag5" name="verifyloginButtonEnableDisableStatus" time="0.000"/>
  <system-out>
    <![CDATA[disabled !!]]>
  </system-out>
  <testcase classname="testngflags.Flag5" name="verifyloginButtonEnableDisableStatus" time="0.001"/>
  <system-out>
    <![CDATA[disabled !!]]>
  </system-out>
  <testcase classname="testngflags.Flag5" name="verifyloginButtonEnableDisableStatus" time="0.002"/>
  <system-out>
    <![CDATA[disabled !!]]>
  </system-out>
  <testcase classname="testngflags.Flag5" name="verifyloginButtonEnableDisableStatus" time="0.011"/>
  <system-out>
    <![CDATA[disabled !!]]>
  </system-out>
  <testcase classname="testngflags.Flag5" name="verifyloginButtonEnableDisableStatus" time="0.000"/>
  <system-out>
    <![CDATA[disabled !!]]>
  </system-out>
  <testcase classname="testngflags.Flag5" name="verifyloginButtonEnableDisableStatus" time="0.000"/>
  <system-out>
    <![CDATA[disabled !!]]>
  </system-out>
  <testcase classname="testngflags.Flag5" name="verifyloginButtonEnableDisableStatus" time="0.000"/>
  <system-out>
    <![CDATA[disabled !!]]>
  </system-out>
  <testcase classname="testngflags.Flag5" name="verifyloginButtonEnableDisableStatus" time="0.003"/>
  <system-out>
    <![CDATA[disabled !!]]>
  </system-out>
  <testcase classname="testngflags.Flag5" name="verifyloginButtonEnableDisableStatus" time="0.000"/>
  <system-out>
    <![CDATA[disabled !!]]>
  </system-out>
  <testcase classname="testngflags.Flag5" name="verifyloginButtonEnableDisableStatus" time="0.001"/>
  <system-out>
    <![CDATA[disabled !!]]>
  </system-out>
  <testcase classname="testngflags.Flag5" name="verifyloginButtonEnableDisableStatus" time="0.005"/>
  <system-out>
    <![CDATA[disabled !!]]>
  </system-out>
  <testcase classname="testngflags.Flag5" name="verifyloginButtonEnableDisableStatus" time="0.000"/>
  <system-out>
    <![CDATA[disabled !!]]>
  </system-out>
  <testcase classname="testngflags.Flag5" name="verifyloginButtonEnableDisableStatus" time="0.000"/>
  <system-out>
    <![CDATA[disabled !!]]>
  </system-out>
  <testcase classname="testngflags.Flag5" name="verifyloginButtonEnableDisableStatus" time="0.001"/>
  <system-out>
    <![CDATA[disabled !!]]>
  </system-out>
  <testcase classname="testngflags.Flag5" name="verifyloginButtonEnableDisableStatus" time="0.000"/>
  <system-out>
    <![CDATA[disabled !!]]>
  </system-out>
  <testcase classname="testngflags.Flag5" name="verifyloginButtonEnableDisableStatus" time="0.016"/>
  <system-out>
    <![CDATA[disabled !!]]>
  </system-out>
  <testcase classname="testngflags.Flag5" name="verifyloginButtonEnableDisableStatus" time="0.000"/>
  <system-out>
    <![CDATA[disabled !!]]>
  </system-out>
  <testcase classname="testngflags.Flag5" name="verifyloginButtonEnableDisableStatus" time="0.000"/>
  <system-out>
    <![CDATA[disabled !!]]>
  </system-out>
  <testcase classname="testngflags.Flag5" name="verifyloginButtonEnableDisableStatus" time="0.000"/>
  <system-out>
    <![CDATA[disabled !!]]>
  </system-out>
  <testcase classname="testngflags.Flag5" name="verifyloginButtonEnableDisableStatus" time="0.002"/>
  <system-out>
    <![CDATA[disabled !!]]>
  </system-out>
  <testcase classname="testngflags.Flag5" name="verifyloginButtonEnableDisableStatus" time="0.000"/>
  <system-out>
    <![CDATA[disabled !!]]>
  </system-out>
  <testcase classname="testngflags.Flag5" name="verifyloginButtonEnableDisableStatus" time="0.000"/>
  <system-out>
    <![CDATA[disabled !!]]>
  </system-out>
  <testcase classname="testngflags.Flag5" name="verifyloginButtonEnableDisableStatus" time="0.000"/>
  <system-out>
    <![CDATA[disabled !!]]>
  </system-out>
  <testcase classname="testngflags.Flag5" name="verifyloginButtonEnableDisableStatus" time="0.000"/>
  <system-out>
    <![CDATA[disabled !!]]>
  </system-out>
  <testcase classname="testngflags.Flag5" name="verifyloginButtonEnableDisableStatus" time="0.000"/>
  <system-out>
    <![CDATA[disabled !!]]>
  </system-out>
  <testcase classname="testngflags.Flag5" name="verifyloginButtonEnableDisableStatus" time="0.000"/>
  <system-out>
    <![CDATA[disabled !!]]>
  </system-out>
  <testcase classname="testngflags.Flag5" name="verifyloginButtonEnableDisableStatus" time="0.001"/>
  <system-out>
    <![CDATA[disabled !!]]>
  </system-out>
  <testcase classname="testngflags.Flag5" name="verifyloginButtonEnableDisableStatus" time="0.001"/>
  <system-out>
    <![CDATA[disabled !!]]>
  </system-out>
  <testcase classname="testngflags.Flag5" name="verifyloginButtonEnableDisableStatus" time="0.002"/>
  <system-out>
    <![CDATA[disabled !!]]>
  </system-out>
  <testcase classname="testngflags.Flag5" name="verifyloginButtonEnableDisableStatus" time="0.001"/>
  <system-out>
    <![CDATA[disabled !!]]>
  </system-out>
  <testcase classname="testngflags.Flag5" name="verifyloginButtonEnableDisableStatus" time="0.001"/>
  <system-out>
    <![CDATA[disabled !!]]>
  </system-out>
  <testcase classname="testngflags.Flag5" name="verifyloginButtonEnableDisableStatus" time="0.000"/>
  <system-out>
    <![CDATA[disabled !!]]>
  </system-out>
  <testcase classname="testngflags.Flag5" name="verifyloginButtonEnableDisableStatus" time="0.000"/>
  <system-out>
    <![CDATA[disabled !!]]>
  </system-out>
  <testcase classname="testngflags.Flag5" name="verifyloginButtonEnableDisableStatus" time="0.000"/>
  <system-out>
    <![CDATA[disabled !!]]>
  </system-out>
  <testcase classname="testngflags.Flag5" name="verifyloginButtonEnableDisableStatus" time="0.000"/>
  <system-out>
    <![CDATA[disabled !!]]>
  </system-out>
  <testcase classname="testngflags.Flag5" name="verifyloginButtonEnableDisableStatus" time="0.000"/>
  <system-out>
    <![CDATA[disabled !!]]>
  </system-out>
  <testcase classname="testngflags.Flag5" name="verifyloginButtonEnableDisableStatus" time="0.001"/>
  <system-out>
    <![CDATA[disabled !!]]>
  </system-out>
  <testcase classname="testngflags.Flag5" name="verifyloginButtonEnableDisableStatus" time="0.001"/>
  <system-out>
    <![CDATA[disabled !!]]>
  </system-out>
  <testcase classname="testngflags.Flag5" name="verifyloginButtonEnableDisableStatus" time="0.001"/>
  <system-out>
    <![CDATA[disabled !!]]>
  </system-out>
  <testcase classname="testngflags.Flag5" name="verifyloginButtonEnableDisableStatus" time="0.001"/>
  <system-out>
    <![CDATA[disabled !!]]>
  </system-out>
  <testcase classname="testngflags.Flag5" name="verifyloginButtonEnableDisableStatus" time="0.000"/>
  <system-out>
    <![CDATA[disabled !!]]>
  </system-out>
  <testcase classname="testngflags.Flag5" name="verifyloginButtonEnableDisableStatus" time="0.001"/>
  <system-out>
    <![CDATA[disabled !!]]>
  </system-out>
  <testcase classname="testngflags.Flag5" name="verifyloginButtonEnableDisableStatus" time="0.003"/>
  <system-out>
    <![CDATA[disabled !!]]>
  </system-out>
  <testcase classname="testngflags.Flag5" name="verifyloginButtonEnableDisableStatus" time="0.001"/>
  <system-out>
    <![CDATA[disabled !!]]>
  </system-out>
  <testcase classname="testngflags.Flag5" name="verifyloginButtonEnableDisableStatus" time="0.001"/>
  <system-out>
    <![CDATA[disabled !!]]>
  </system-out>
  <testcase classname="testngflags.Flag5" name="verifyloginButtonEnableDisableStatus" time="0.000"/>
  <system-out>
    <![CDATA[disabled !!]]>
  </system-out>
  <testcase classname="testngflags.Flag5" name="verifyloginButtonEnableDisableStatus" time="0.000"/>
  <system-out>
    <![CDATA[disabled !!]]>
  </system-out>
  <testcase classname="testngflags.Flag5" name="verifyloginButtonEnableDisableStatus" time="0.001"/>
  <system-out>
    <![CDATA[disabled !!]]>
  </system-out>
  <testcase classname="testngflags.Flag5" name="verifyloginButtonEnableDisableStatus" time="0.001"/>
  <system-out>
    <![CDATA[disabled !!]]>
  </system-out>
  <testcase classname="testngflags.Flag5" name="verifyloginButtonEnableDisableStatus" time="0.000"/>
  <system-out>
    <![CDATA[disabled !!]]>
  </system-out>
  <testcase classname="testngflags.Flag5" name="verifyloginButtonEnableDisableStatus" time="0.000"/>
  <system-out>
    <![CDATA[disabled !!]]>
  </system-out>
  <testcase classname="testngflags.Flag5" name="verifyloginButtonEnableDisableStatus" time="0.000"/>
  <system-out>
    <![CDATA[disabled !!]]>
  </system-out>
  <testcase classname="testngflags.Flag5" name="verifyloginButtonEnableDisableStatus" time="0.001"/>
  <system-out>
    <![CDATA[disabled !!]]>
  </system-out>
  <testcase classname="testngflags.Flag5" name="verifyloginButtonEnableDisableStatus" time="0.092"/>
  <system-out>
    <![CDATA[disabled !!]]>
  </system-out>
  <testcase classname="testngflags.Flag5" name="verifyloginButtonEnableDisableStatus" time="0.000"/>
  <system-out>
    <![CDATA[disabled !!]]>
  </system-out>
  <testcase classname="testngflags.Flag5" name="verifyloginButtonEnableDisableStatus" time="0.000"/>
  <system-out>
    <![CDATA[disabled !!]]>
  </system-out>
  <testcase classname="testngflags.Flag5" name="verifyloginButtonEnableDisableStatus" time="0.000"/>
  <system-out>
    <![CDATA[disabled !!]]>
  </system-out>
  <testcase classname="testngflags.Flag5" name="verifyloginButtonEnableDisableStatus" time="0.000"/>
  <system-out>
    <![CDATA[disabled !!]]>
  </system-out>
  <testcase classname="testngflags.Flag5" name="verifyloginButtonEnableDisableStatus" time="0.002"/>
  <system-out>
    <![CDATA[disabled !!]]>
  </system-out>
  <testcase classname="testngflags.Flag5" name="verifyloginButtonEnableDisableStatus" time="0.001"/>
  <system-out>
    <![CDATA[disabled !!]]>
  </system-out>
  <testcase classname="testngflags.Flag5" name="verifyloginButtonEnableDisableStatus" time="0.097"/>
  <system-out>
    <![CDATA[disabled !!]]>
  </system-out>
  <testcase classname="testngflags.Flag5" name="verifyloginButtonEnableDisableStatus" time="0.000"/>
  <system-out>
    <![CDATA[disabled !!]]>
  </system-out>
  <testcase classname="testngflags.Flag5" name="verifyloginButtonEnableDisableStatus" time="0.000"/>
  <system-out>
    <![CDATA[disabled !!]]>
  </system-out>
  <testcase classname="testngflags.Flag5" name="verifyloginButtonEnableDisableStatus" time="0.000"/>
  <system-out>
    <![CDATA[disabled !!]]>
  </system-out>
  <testcase classname="testngflags.Flag5" name="verifyloginButtonEnableDisableStatus" time="0.000"/>
  <system-out>
    <![CDATA[disabled !!]]>
  </system-out>
  <testcase classname="testngflags.Flag5" name="verifyloginButtonEnableDisableStatus" time="0.000"/>
  <system-out>
    <![CDATA[disabled !!]]>
  </system-out>
  <testcase classname="testngflags.Flag5" name="verifyloginButtonEnableDisableStatus" time="0.001"/>
  <system-out>
    <![CDATA[disabled !!]]>
  </system-out>
  <testcase classname="testngflags.Flag5" name="verifyloginButtonEnableDisableStatus" time="0.000"/>
  <system-out>
    <![CDATA[disabled !!]]>
  </system-out>
  <testcase classname="testngflags.Flag5" name="verifyloginButtonEnableDisableStatus" time="0.001"/>
  <system-out>
    <![CDATA[disabled !!]]>
  </system-out>
  <testcase classname="testngflags.Flag5" name="verifyloginButtonEnableDisableStatus" time="0.001"/>
  <system-out>
    <![CDATA[disabled !!]]>
  </system-out>
  <testcase classname="testngflags.Flag5" name="verifyloginButtonEnableDisableStatus" time="0.000"/>
  <system-out>
    <![CDATA[disabled !!]]>
  </system-out>
  <testcase classname="testngflags.Flag5" name="verifyloginButtonEnableDisableStatus" time="0.000"/>
  <system-out>
    <![CDATA[disabled !!]]>
  </system-out>
  <testcase classname="testngflags.Flag5" name="verifyloginButtonEnableDisableStatus" time="0.000"/>
  <system-out>
    <![CDATA[disabled !!]]>
  </system-out>
  <testcase classname="testngflags.Flag5" name="verifyloginButtonEnableDisableStatus" time="0.000"/>
  <system-out>
    <![CDATA[disabled !!]]>
  </system-out>
  <testcase classname="testngflags.Flag5" name="verifyloginButtonEnableDisableStatus" time="0.000"/>
  <system-out>
    <![CDATA[disabled !!]]>
  </system-out>
  <testcase classname="testngflags.Flag5" name="verifyloginButtonEnableDisableStatus" time="0.000"/>
  <system-out>
    <![CDATA[disabled !!]]>
  </system-out>
  <testcase classname="testngflags.Flag5" name="verifyloginButtonEnableDisableStatus" time="0.000"/>
  <system-out>
    <![CDATA[disabled !!]]>
  </system-out>
  <testcase classname="testngflags.Flag5" name="verifyloginButtonEnableDisableStatus" time="0.000"/>
  <system-out>
    <![CDATA[disabled !!]]>
  </system-out>
  <testcase classname="testngflags.Flag5" name="verifyloginButtonEnableDisableStatus" time="0.001"/>
  <system-out>
    <![CDATA[disabled !!]]>
  </system-out>
  <testcase classname="testngflags.Flag5" name="verifyloginButtonEnableDisableStatus" time="0.000"/>
  <system-out>
    <![CDATA[disabled !!]]>
  </system-out>
  <testcase classname="testngflags.Flag5" name="verifyloginButtonEnableDisableStatus" time="0.000"/>
  <system-out>
    <![CDATA[disabled !!]]>
  </system-out>
  <testcase classname="testngflags.Flag5" name="verifyloginButtonEnableDisableStatus" time="0.000"/>
  <system-out>
    <![CDATA[disabled !!]]>
  </system-out>
  <testcase classname="testngflags.Flag5" name="verifyloginButtonEnableDisableStatus" time="0.001"/>
  <system-out>
    <![CDATA[disabled !!]]>
  </system-out>
  <testcase classname="testngflags.Flag5" name="verifyloginButtonEnableDisableStatus" time="0.001"/>
  <system-out>
    <![CDATA[disabled !!]]>
  </system-out>
  <testcase classname="testngflags.Flag5" name="verifyloginButtonEnableDisableStatus" time="0.000"/>
  <system-out>
    <![CDATA[disabled !!]]>
  </system-out>
  <testcase classname="testngflags.Flag5" name="verifyloginButtonEnableDisableStatus" time="0.002"/>
  <system-out>
    <![CDATA[disabled !!]]>
  </system-out>
  <testcase classname="testngflags.Flag5" name="verifyloginButtonEnableDisableStatus" time="0.000"/>
  <system-out>
    <![CDATA[disabled !!]]>
  </system-out>
  <testcase classname="testngflags.Flag5" name="verifyloginButtonEnableDisableStatus" time="0.000"/>
  <system-out>
    <![CDATA[disabled !!]]>
  </system-out>
  <testcase classname="testngflags.Flag5" name="verifyloginButtonEnableDisableStatus" time="0.001"/>
  <system-out>
    <![CDATA[disabled !!]]>
  </system-out>
  <testcase classname="testngflags.Flag5" name="verifyloginButtonEnableDisableStatus" time="0.000"/>
  <system-out>
    <![CDATA[disabled !!]]>
  </system-out>
  <testcase classname="testngflags.Flag5" name="verifyloginButtonEnableDisableStatus" time="0.000"/>
  <system-out>
    <![CDATA[disabled !!]]>
  </system-out>
  <testcase classname="testngflags.Flag5" name="verifyloginButtonEnableDisableStatus" time="0.002"/>
  <system-out>
    <![CDATA[disabled !!]]>
  </system-out>
  <testcase classname="testngflags.Flag5" name="verifyloginButtonEnableDisableStatus" time="0.028"/>
  <system-out>
    <![CDATA[disabled !!]]>
  </system-out>
  <testcase classname="testngflags.Flag5" name="verifyloginButtonEnableDisableStatus" time="0.000"/>
  <system-out>
    <![CDATA[disabled !!]]>
  </system-out>
  <testcase classname="testngflags.Flag5" name="verifyloginButtonEnableDisableStatus" time="0.000"/>
  <system-out>
    <![CDATA[disabled !!]]>
  </system-out>
  <testcase classname="testngflags.Flag5" name="verifyloginButtonEnableDisableStatus" time="0.001"/>
  <system-out>
    <![CDATA[disabled !!]]>
  </system-out>
  <testcase classname="testngflags.Flag5" name="verifyloginButtonEnableDisableStatus" time="0.000"/>
  <system-out>
    <![CDATA[disabled !!]]>
  </system-out>
  <testcase classname="testngflags.Flag5" name="verifyloginButtonEnableDisableStatus" time="0.000"/>
  <system-out>
    <![CDATA[disabled !!]]>
  </system-out>
  <testcase classname="testngflags.Flag5" name="verifyloginButtonEnableDisableStatus" time="0.000"/>
  <system-out>
    <![CDATA[disabled !!]]>
  </system-out>
  <testcase classname="testngflags.Flag5" name="verifyloginButtonEnableDisableStatus" time="0.000"/>
  <system-out>
    <![CDATA[disabled !!]]>
  </system-out>
  <testcase classname="testngflags.Flag5" name="verifyloginButtonEnableDisableStatus" time="0.000"/>
  <system-out>
    <![CDATA[disabled !!]]>
  </system-out>
</testsuite> <!-- testngflags.Flag5 -->
