<?xml version="1.0" encoding="UTF-8"?>
<!-- Generated by org.testng.reporters.JUnitXMLReporter -->
<testsuite ignored="0" hostname="DESKTOP-R6157P8" failures="1" tests="1" name="Test(failed)" time="0.082" errors="0" timestamp="2022-11-12T14:27:56 IST">
  <testcase classname="tesngpack.SecondClass" name="remo" time="0.009">
    <failure type="java.lang.ArithmeticException" message="/ by zero">
      <![CDATA[java.lang.ArithmeticException: / by zero
at tesngpack.SecondClass.remo(SecondClass.java:10)
at java.base/java.util.ArrayList.forEach(ArrayList.java:1511)
... Removed 27 stack frames]]>
    </failure>
  </testcase> <!-- remo -->
</testsuite> <!-- Test(failed) -->
