<?xml version="1.0" encoding="UTF-8"?>
<!-- Generated by org.testng.reporters.JUnitXMLReporter -->
<testsuite ignored="0" hostname="DESKTOP-R6157P8" failures="1" tests="3" name="Test" time="0.065" errors="0" timestamp="2022-11-12T14:25:44 IST">
  <testcase classname="tesngpack.ThirdClass" name="sumo" time="0.006"/>
  <testcase classname="tesngpack.SecondClass" name="remo" time="0.001">
    <failure type="java.lang.ArithmeticException" message="/ by zero">
      <![CDATA[java.lang.ArithmeticException: / by zero
at tesngpack.SecondClass.remo(SecondClass.java:10)
at java.base/java.util.ArrayList.forEach(ArrayList.java:1511)
... Removed 27 stack frames]]>
    </failure>
  </testcase> <!-- remo -->
  <testcase classname="tesngpack.FirstClass" name="demo" time="0.009"/>
</testsuite> <!-- Test -->
