<?xml version="1.0" encoding="UTF-8"?>
<!-- Generated by org.testng.reporters.JUnitXMLReporter -->
<testsuite ignored="0" hostname="DESKTOP-R6157P8" failures="0" tests="3" name="Default test" time="0.081" errors="0" timestamp="2022-11-12T15:22:56 IST">
  <testcase classname="testngflags.Flag6" name="loginMethod" time="0.008"/>
  <testcase classname="testngflags.Flag6" name="createUser" time="0.001"/>
  <testcase classname="testngflags.Flag6" name="logoutMethod" time="0.004"/>
</testsuite> <!-- Default test -->
